11:53:45.816 [main                     ] DEBUG Logger               - Configured Logger
11:53:45.834 [main                     ] DEBUG GameApplication      - Logging settings
Title: SuperMaLi
Version: 0.1
Width: 1295
Height: 666
Fullscreen: false
Intro: false
Profiling: false
Single step:false
App Mode: DEVELOPER
Menu Key: ESCAPE
Stage Style: DECORATED
Scene Factory: class com.almasb.fxgl.app.scene.SceneFactory

11:53:46.046 [JavaFX Application Thread] DEBUG FXGLApplication      - Initializing FXGL
11:53:46.050 [JavaFX Application Thread] INFO  Engine               - FXGL-17.2 (20.08.2022 16.50) on WINDOWS (J:17.0.3.1 FX:18)
11:53:46.050 [JavaFX Application Thread] DEBUG Engine               - JRE Vendor Name: Oracle Corporation
11:53:46.050 [JavaFX Application Thread] DEBUG Engine               - Running on OS: Windows 10 version 10.0
11:53:46.050 [JavaFX Application Thread] DEBUG Engine               - Architecture: amd64
11:53:46.050 [JavaFX Application Thread] INFO  Engine               - Source code and latest versions at: https://github.com/AlmasB/FXGL
11:53:46.051 [JavaFX Application Thread] INFO  Engine               -       Ask questions and discuss at: https://github.com/AlmasB/FXGL/discussions
11:53:46.051 [JavaFX Application Thread] INFO  Engine               -              Join the FXGL chat at: https://gitter.im/AlmasB/FXGL
11:53:46.099 [JavaFX Application Thread] DEBUG PrimaryStageWindow   - Creating a JavaFX scene
11:53:46.123 [JavaFX Application Thread] DEBUG PrimaryStageWindow   - Target settings size: 1295.0 x 666.0
11:53:46.123 [JavaFX Application Thread] DEBUG PrimaryStageWindow   - Scaled scene size:    1295.0 x 666.0
11:53:46.123 [JavaFX Application Thread] DEBUG PrimaryStageWindow   - Scaled ratio: (1.0, 1.0)
11:53:46.124 [JavaFX Application Thread] DEBUG PrimaryStageWindow   - Set initial scene to FXGLStartupScene
11:53:46.127 [JavaFX Application Thread] DEBUG PrimaryStageWindow   - Opening main window
11:53:46.229 [JavaFX Application Thread] DEBUG PrimaryStageWindow   - Window border size: (16.0, 39.0)
11:53:46.229 [JavaFX Application Thread] DEBUG PrimaryStageWindow   - Scaled size: 1295.0 x 666.0
11:53:46.229 [JavaFX Application Thread] DEBUG PrimaryStageWindow   - Scaled ratio: (1.0, 1.0)
11:53:46.229 [JavaFX Application Thread] DEBUG PrimaryStageWindow   - Scene size: 1295.0 x 666.0
11:53:46.230 [JavaFX Application Thread] DEBUG PrimaryStageWindow   - Stage size: 1311.0 x 705.0
11:53:46.234 [FXGL Background Thread 1 ] DEBUG Engine               - Initializing environment variables
11:53:46.256 [FXGL Background Thread 1 ] DEBUG FXGLAssetLoaderServi - User app class for loading assets: class xbss.SuperMaLiApp
11:53:46.256 [FXGL Background Thread 1 ] DEBUG GameApplicationServi - Applying CSS: fxgl_dark.css
11:53:46.257 [FXGL Background Thread 1 ] DEBUG FXGLAssetLoaderServi - Loading from file system: jar:file:///F:/Environment/Maven/apache-maven-3.6.1-bin/apache-maven-3.6.1/mvn-resp/com/github/almasb/fxgl/17.2/fxgl-17.2.jar!/fxglassets/ui/css/fxgl_dark.css
11:53:46.283 [FXGL Background Thread 1 ] DEBUG GameApplicationServi - Initializing application scenes
11:53:46.313 [FXGL Background Thread 1 ] DEBUG GameWorld            - Game world initialized
11:53:46.345 [FXGL Background Thread 1 ] DEBUG PhysicsWorld         - Physics world initialized: appHeight=666, physics.ppm=50.0
11:53:46.345 [FXGL Background Thread 1 ] DEBUG PhysicsWorld         - Using strategy: BRUTE_FORCE
11:53:46.348 [FXGL Background Thread 1 ] DEBUG GameScene            - Game scene initialized: 1295x666
11:53:46.355 [FXGL Background Thread 1 ] DEBUG FXGL.DefaultMenu     - createMenuBodyGameMenu()
11:53:46.363 [FXGL Background Thread 1 ] DEBUG FXGL.DefaultMenu     - createOptionsMenu()
11:53:46.369 [FXGL Background Thread 1 ] DEBUG FXGLAssetLoaderServi - Loading from file system: jar:file:///F:/Environment/Maven/apache-maven-3.6.1-bin/apache-maven-3.6.1/mvn-resp/com/github/almasb/fxgl/17.2/fxgl-17.2.jar!/fxglassets/textures/particles/smoke.png
11:53:46.412 [FXGL Background Thread 1 ] DEBUG FXGLAssetLoaderServi - Loading from file system: jar:file:///F:/Environment/Maven/apache-maven-3.6.1-bin/apache-maven-3.6.1/mvn-resp/com/github/almasb/fxgl/17.2/fxgl-17.2.jar!/fxglassets/textures/particles/trace_horizontal.png
11:53:46.428 [FXGL Background Thread 1 ] DEBUG GameApplicationServi - Application scenes initialized
11:53:46.434 [FXGL Background Thread 1 ] DEBUG SystemBundleService  - Loading FXGL system data
11:53:46.436 [FXGL Background Thread 1 ] DEBUG FileSystemAccess     - Reading from: F:\WorkSpace\Java\IdeaUltimate\SuperMaLi\system\fxgl.bundle
11:53:46.440 [FXGL Background Thread 1 ] DEBUG SystemBundleService  - Bundle FXGL: {}
11:53:46.440 [FXGL Background Thread 1 ] DEBUG UpdaterService       - Checking for updates
11:53:46.452 [FXGL Background Thread 4 ] DEBUG FXGLApplication      - Loading fonts
11:53:46.452 [FXGL Background Thread 1 ] DEBUG FXGLApplication      - Loading default localization
11:53:46.452 [FXGL Background Thread 4 ] DEBUG FXGLAssetLoaderServi - Loading from file system: jar:file:///F:/Environment/Maven/apache-maven-3.6.1-bin/apache-maven-3.6.1/mvn-resp/com/github/almasb/fxgl/17.2/fxgl-17.2.jar!/fxglassets/ui/fonts/VarelaRound-Regular.ttf
11:53:46.452 [FXGL Background Thread 1 ] DEBUG FXGLAssetLoaderServi - Loading from file system: jar:file:///F:/Environment/Maven/apache-maven-3.6.1-bin/apache-maven-3.6.1/mvn-resp/com/github/almasb/fxgl/17.2/fxgl-17.2.jar!/fxglassets/languages/english.lang
11:53:46.465 [FXGL Background Thread 1 ] INFO  FXGLApplication      - FXGL initialization took: 0.231 sec
11:53:46.471 [JavaFX Application Thread] DEBUG Input                - Registered new binding: action0 - Space
11:53:46.472 [JavaFX Application Thread] DEBUG Input                - Registered new binding: Left - Left
11:53:46.472 [JavaFX Application Thread] DEBUG Input                - Registered new binding: Right - Right
11:53:46.473 [JavaFX Application Thread] DEBUG Input                - Registered new binding: Jump - Up
11:53:46.473 [JavaFX Application Thread] DEBUG FXGLAssetLoaderServi - Loading from file system: file:/F:/WorkSpace/Java/IdeaUltimate/SuperMaLi/target/classes/assets/music/bgmmusic.wav
11:53:46.491 [FXGL Background Thread 4 ] DEBUG FXGLAssetLoaderServi - Loading from file system: jar:file:///F:/Environment/Maven/apache-maven-3.6.1-bin/apache-maven-3.6.1/mvn-resp/com/github/almasb/fxgl/17.2/fxgl-17.2.jar!/fxglassets/ui/fonts/Abel-Regular.ttf
11:53:46.498 [FXGL Background Thread 4 ] DEBUG FXGLAssetLoaderServi - Loading from file system: jar:file:///F:/Environment/Maven/apache-maven-3.6.1-bin/apache-maven-3.6.1/mvn-resp/com/github/almasb/fxgl/17.2/fxgl-17.2.jar!/fxglassets/ui/fonts/TerminalLandMono-Regular.otf
11:53:46.504 [FXGL Background Thread 4 ] DEBUG FXGLAssetLoaderServi - Loading from file system: jar:file:///F:/Environment/Maven/apache-maven-3.6.1-bin/apache-maven-3.6.1/mvn-resp/com/github/almasb/fxgl/17.2/fxgl-17.2.jar!/fxglassets/ui/fonts/Courier-Prime.ttf
11:53:46.561 [JavaFX Application Thread] DEBUG AudioPlayer          - Playing music com.almasb.fxgl.audio.Music@3b59c31e
11:53:46.562 [JavaFX Application Thread] DEBUG FXGLAssetLoaderServi - Loading from file system: jar:file:///F:/Environment/Maven/apache-maven-3.6.1-bin/apache-maven-3.6.1/mvn-resp/com/github/almasb/fxgl/17.2/fxgl-17.2.jar!/fxglassets/textures/fxgl_icon.png
11:53:46.572 [JavaFX Application Thread] DEBUG FXGLAssetLoaderServi - Loading from file system: jar:file:///F:/Environment/Maven/apache-maven-3.6.1-bin/apache-maven-3.6.1/mvn-resp/com/github/almasb/fxgl/17.2/fxgl-17.2.jar!/fxglassets/textures/fxgl_default_cursor.png
11:53:46.573 [JavaFX Application Thread] DEBUG Input                - Registered new binding: Screenshot - CTRL+8
11:53:46.573 [JavaFX Application Thread] DEBUG Input                - Registered new binding: Dev Options - 1
11:53:46.574 [JavaFX Application Thread] DEBUG Input                - Registered new binding: Dev Console - 2
11:53:46.574 [JavaFX Application Thread] DEBUG Input                - Registered new binding: System info dump - CTRL+9
11:53:46.574 [JavaFX Application Thread] DEBUG Input                - Registered new binding: Restart - CTRL+R
11:53:46.574 [JavaFX Application Thread] DEBUG Input                - Registered new binding: Toggle Debug Camera - CTRL+7
11:53:46.575 [JavaFX Application Thread] DEBUG LoopRunner           - Starting loop
11:53:46.582 [JavaFX Application Thread] DEBUG LoopRunner           - Initializing JavaFX AnimationTimerLoop
11:53:46.583 [JavaFX Application Thread] DEBUG GameApplicationServi - Starting new game
11:53:46.583 [JavaFX Application Thread] DEBUG Input                - Clearing active input actions
11:53:46.594 [JavaFX Application Thread] DEBUG GameApplicationServi - Removing overlay from FXGLStartupScene and adding to FXGLLoadingScene
11:53:46.595 [JavaFX Application Thread] DEBUG PrimaryStageWindow   - FXGLStartupScene -> FXGLLoadingScene
11:53:46.595 [JavaFX Application Thread] DEBUG GameApplicationServi - Clearing previous game
11:53:46.595 [JavaFX Application Thread] DEBUG GameScene            - Clearing game scene
11:53:46.595 [JavaFX Application Thread] DEBUG GameWorld            - Clearing game world
11:53:46.596 [JavaFX Application Thread] DEBUG PhysicsWorld         - Clearing physics world
11:53:46.596 [JavaFX Application Thread] DEBUG FXGLApplication      - Registering font factories with UI factory
11:53:46.596 [FXGL Background Thread 4 ] DEBUG FXGLApplication      - Initializing game
11:53:46.612 [FXGL Background Thread 4 ] WARN  TMXLevelLoader       - TiledMap generated from 1.8.4. Supported version: 1.9.0. Some features may not be parsed fully.
11:53:46.624 [FXGL Background Thread 4 ] DEBUG TMXLevelLoader       - Parsed TiledMap: file:/F:/WorkSpace/Java/IdeaUltimate/SuperMaLi/target/classes/assets/levels/one.tmx
11:53:46.624 [FXGL Background Thread 4 ] DEBUG TMXLevelLoader       - Creating tile layer entities
11:53:46.625 [FXGL Background Thread 4 ] DEBUG TilesetLoader        - Loading view for layer 图块层 1
11:53:46.629 [FXGL Background Thread 4 ] DEBUG TilesetLoader        - Created buffer with size 3700.0x666.0
11:53:46.636 [FXGL Background Thread 4 ] DEBUG TMXLevelLoader       - Creating object layer entities
11:53:46.652 [FXGL Background Thread 4 ] DEBUG FXGLAssetLoaderServi - Loading from file system: file:/F:/WorkSpace/Java/IdeaUltimate/SuperMaLi/target/classes/assets/textures/role/npc/fungus1.png
11:53:46.653 [FXGL Background Thread 4 ] DEBUG FXGLAssetLoaderServi - Loading from file system: file:/F:/WorkSpace/Java/IdeaUltimate/SuperMaLi/target/classes/assets/textures/role/npc/fungus2.png
11:53:46.661 [FXGL Background Thread 4 ] DEBUG FXGLAssetLoaderServi - Loading from file system: file:/F:/WorkSpace/Java/IdeaUltimate/SuperMaLi/target/classes/assets/textures/map/sea_anim.png
11:53:46.673 [FXGL Background Thread 4 ] DEBUG FXGLAssetLoaderServi - Loading from file system: file:/F:/WorkSpace/Java/IdeaUltimate/SuperMaLi/target/classes/assets/textures/role/npc/flower1.png
11:53:46.674 [FXGL Background Thread 4 ] DEBUG FXGLAssetLoaderServi - Loading from file system: file:/F:/WorkSpace/Java/IdeaUltimate/SuperMaLi/target/classes/assets/textures/role/npc/flower2.png
11:53:46.676 [FXGL Background Thread 4 ] DEBUG GameWorld            - Clearing removable entities
11:53:46.677 [FXGL Background Thread 4 ] DEBUG GameWorld            - Setting level: com.almasb.fxgl.entity.level.Level@667fead6
11:53:46.685 [FXGL Background Thread 4 ] DEBUG FXGLAssetLoaderServi - Loading from file system: file:/F:/WorkSpace/Java/IdeaUltimate/SuperMaLi/target/classes/assets/textures/role/stand_R.png
11:53:46.686 [FXGL Background Thread 4 ] DEBUG FXGLAssetLoaderServi - Loading from file system: file:/F:/WorkSpace/Java/IdeaUltimate/SuperMaLi/target/classes/assets/textures/role/run_R.png
11:53:46.687 [FXGL Background Thread 4 ] DEBUG FXGLAssetLoaderServi - Loading from file system: file:/F:/WorkSpace/Java/IdeaUltimate/SuperMaLi/target/classes/assets/textures/role/jump.png
11:53:46.688 [FXGL Background Thread 4 ] DEBUG FXGLAssetLoaderServi - Loading from file system: file:/F:/WorkSpace/Java/IdeaUltimate/SuperMaLi/target/classes/assets/textures/map/img.png
11:53:46.696 [FXGL Background Thread 4 ] INFO  FXGLApplication      - Game initialization took: 0.099 sec
11:53:46.707 [JavaFX Application Thread] DEBUG Input                - Clearing active input actions
11:53:46.711 [JavaFX Application Thread] DEBUG GameApplicationServi - Removing overlay from FXGLLoadingScene and adding to GameScene
11:53:46.713 [JavaFX Application Thread] DEBUG PrimaryStageWindow   - FXGLLoadingScene -> GameScene
11:53:49.452 [FXGL Background Thread 3 ] DEBUG Engine               - Logging environment variables
11:53:49.452 [FXGL Background Thread 3 ] DEBUG Engine               - achievements: []
11:53:49.452 [FXGL Background Thread 3 ] DEBUG Engine               - actualHeight: 666.0
11:53:49.452 [FXGL Background Thread 3 ] DEBUG Engine               - actualHeightProperty: ReadOnlyDoubleProperty [value: 666.0]
11:53:49.452 [FXGL Background Thread 3 ] DEBUG Engine               - actualWidth: 1295.0
11:53:49.452 [FXGL Background Thread 3 ] DEBUG Engine               - actualWidthProperty: ReadOnlyDoubleProperty [value: 1295.0]
11:53:49.452 [FXGL Background Thread 3 ] DEBUG Engine               - appIcon: fxgl_icon.png
11:53:49.452 [FXGL Background Thread 3 ] DEBUG Engine               - applicationMode: DEVELOPER
11:53:49.453 [FXGL Background Thread 3 ] DEBUG Engine               - cSSList: [fxgl_dark.css]
11:53:49.453 [FXGL Background Thread 3 ] DEBUG Engine               - collisionDetectionStrategy: BRUTE_FORCE
11:53:49.453 [FXGL Background Thread 3 ] DEBUG Engine               - configClass: Optional.empty
11:53:49.453 [FXGL Background Thread 3 ] DEBUG Engine               - credits: []
11:53:49.453 [FXGL Background Thread 3 ] DEBUG Engine               - defaultCursor: CursorInfo(imageName=fxgl_default_cursor.png, hotspotX=7.0, hotspotY=6.0)
11:53:49.453 [FXGL Background Thread 3 ] DEBUG Engine               - devBBoxColorProperty: ObjectProperty [value: 0xff0000ff]
11:53:49.453 [FXGL Background Thread 3 ] DEBUG Engine               - devEnableDebugCameraProperty: BooleanProperty [value: false]
11:53:49.453 [FXGL Background Thread 3 ] DEBUG Engine               - devSensorColorProperty: ObjectProperty [value: 0xffff00ff]
11:53:49.453 [FXGL Background Thread 3 ] DEBUG Engine               - devShowBBoxProperty: BooleanProperty [value: false]
11:53:49.453 [FXGL Background Thread 3 ] DEBUG Engine               - devShowPositionProperty: BooleanProperty [value: false]
11:53:49.454 [FXGL Background Thread 3 ] DEBUG Engine               - enabledMenuItems: []
11:53:49.454 [FXGL Background Thread 3 ] DEBUG Engine               - engineServices: [class com.almasb.fxgl.app.services.FXGLAssetLoaderService, class com.almasb.fxgl.app.FXGLApplication$GameApplicationService, class com.almasb.fxgl.app.services.FXGLDialogService, class com.almasb.fxgl.app.services.IOTaskExecutorService, class com.almasb.fxgl.io.FileSystemService, class com.almasb.fxgl.localization.LocalizationService, class com.almasb.fxgl.app.services.SystemBundleService, class com.almasb.fxgl.profile.SaveLoadService, class com.almasb.fxgl.ui.FXGLUIFactoryServiceProvider, class com.almasb.fxgl.ui.FXGLDialogFactoryServiceProvider, class com.almasb.fxgl.audio.AudioPlayer, class com.almasb.fxgl.notification.impl.NotificationServiceProvider, class com.almasb.fxgl.achievement.AchievementService, class com.almasb.fxgl.cutscene.CutsceneService, class com.almasb.fxgl.minigames.MiniGameService, class com.almasb.fxgl.net.NetService, class com.almasb.fxgl.app.services.UpdaterService, class com.almasb.fxgl.dev.DevService]
11:53:49.454 [FXGL Background Thread 3 ] DEBUG Engine               - fontGame: Abel-Regular.ttf
11:53:49.454 [FXGL Background Thread 3 ] DEBUG Engine               - fontMono: TerminalLandMono-Regular.otf
11:53:49.454 [FXGL Background Thread 3 ] DEBUG Engine               - fontText: Courier-Prime.ttf
11:53:49.454 [FXGL Background Thread 3 ] DEBUG Engine               - fontUI: VarelaRound-Regular.ttf
11:53:49.454 [FXGL Background Thread 3 ] DEBUG Engine               - fullScreen: BooleanProperty [value: false]
11:53:49.454 [FXGL Background Thread 3 ] DEBUG Engine               - gameDifficulty: MEDIUM
11:53:49.454 [FXGL Background Thread 3 ] DEBUG Engine               - gameDifficultyProperty: ObjectProperty [value: MEDIUM]
11:53:49.454 [FXGL Background Thread 3 ] DEBUG Engine               - globalMusicVolume: 0.5
11:53:49.454 [FXGL Background Thread 3 ] DEBUG Engine               - globalMusicVolumeProperty: DoubleProperty [value: 0.5]
11:53:49.454 [FXGL Background Thread 3 ] DEBUG Engine               - globalSoundVolume: 0.5
11:53:49.454 [FXGL Background Thread 3 ] DEBUG Engine               - globalSoundVolumeProperty: DoubleProperty [value: 0.5]
11:53:49.454 [FXGL Background Thread 3 ] DEBUG Engine               - height: 666
11:53:49.454 [FXGL Background Thread 3 ] DEBUG Engine               - is3D: false
11:53:49.454 [FXGL Background Thread 3 ] DEBUG Engine               - isAndroid: false
11:53:49.454 [FXGL Background Thread 3 ] DEBUG Engine               - isBrowser: false
11:53:49.454 [FXGL Background Thread 3 ] DEBUG Engine               - isClickFeedbackEnabled: false
11:53:49.455 [FXGL Background Thread 3 ] DEBUG Engine               - isCloseConfirmation: false
11:53:49.455 [FXGL Background Thread 3 ] DEBUG Engine               - isDesktop: true
11:53:49.455 [FXGL Background Thread 3 ] DEBUG Engine               - isDeveloperMenuEnabled: true
11:53:49.455 [FXGL Background Thread 3 ] DEBUG Engine               - isEmbedded: false
11:53:49.455 [FXGL Background Thread 3 ] DEBUG Engine               - isEntityPreloadEnabled: true
11:53:49.455 [FXGL Background Thread 3 ] DEBUG Engine               - isExperimentalTiledLargeMap: false
11:53:49.455 [FXGL Background Thread 3 ] DEBUG Engine               - isFileSystemWriteAllowed: true
11:53:49.455 [FXGL Background Thread 3 ] DEBUG Engine               - isFullScreenAllowed: false
11:53:49.455 [FXGL Background Thread 3 ] DEBUG Engine               - isFullScreenFromStart: false
11:53:49.455 [FXGL Background Thread 3 ] DEBUG Engine               - isGameMenuEnabled: true
11:53:49.455 [FXGL Background Thread 3 ] DEBUG Engine               - isIOS: false
11:53:49.455 [FXGL Background Thread 3 ] DEBUG Engine               - isIntroEnabled: false
11:53:49.455 [FXGL Background Thread 3 ] DEBUG Engine               - isLinux: false
11:53:49.455 [FXGL Background Thread 3 ] DEBUG Engine               - isMac: false
11:53:49.455 [FXGL Background Thread 3 ] DEBUG Engine               - isMainMenuEnabled: false
11:53:49.455 [FXGL Background Thread 3 ] DEBUG Engine               - isManualResizeEnabled: false
11:53:49.455 [FXGL Background Thread 3 ] DEBUG Engine               - isMobile: false
11:53:49.455 [FXGL Background Thread 3 ] DEBUG Engine               - isNative: false
11:53:49.455 [FXGL Background Thread 3 ] DEBUG Engine               - isPauseMusicWhenMinimized: true
11:53:49.455 [FXGL Background Thread 3 ] DEBUG Engine               - isPreserveResizeRatio: false
11:53:49.456 [FXGL Background Thread 3 ] DEBUG Engine               - isProfilingEnabled: false
11:53:49.456 [FXGL Background Thread 3 ] DEBUG Engine               - isScaleAffectedOnResize: true
11:53:49.456 [FXGL Background Thread 3 ] DEBUG Engine               - isSingleStep: false
11:53:49.456 [FXGL Background Thread 3 ] DEBUG Engine               - isUserProfileEnabled: false
11:53:49.456 [FXGL Background Thread 3 ] DEBUG Engine               - isWindows: true
11:53:49.456 [FXGL Background Thread 3 ] DEBUG Engine               - language: ObjectProperty [value: ENGLISH]
11:53:49.456 [FXGL Background Thread 3 ] DEBUG Engine               - menuKey: ESCAPE
11:53:49.456 [FXGL Background Thread 3 ] DEBUG Engine               - mouseSensitivity: 0.2
11:53:49.456 [FXGL Background Thread 3 ] DEBUG Engine               - notificationViewClass: class com.almasb.fxgl.notification.view.XboxNotificationView
11:53:49.456 [FXGL Background Thread 3 ] DEBUG Engine               - pixelsPerMeter: 50.0
11:53:49.456 [FXGL Background Thread 3 ] DEBUG Engine               - platform: WINDOWS
11:53:49.456 [FXGL Background Thread 3 ] DEBUG Engine               - prefHeightProperty: ReadOnlyDoubleProperty [value: 666.0]
11:53:49.456 [FXGL Background Thread 3 ] DEBUG Engine               - prefWidthProperty: ReadOnlyDoubleProperty [value: 1295.0]
11:53:49.456 [FXGL Background Thread 3 ] DEBUG Engine               - profileDir: profiles/
11:53:49.456 [FXGL Background Thread 3 ] DEBUG Engine               - profileName: StringProperty [value: DEFAULT]
11:53:49.456 [FXGL Background Thread 3 ] DEBUG Engine               - randomSeed: -1
11:53:49.456 [FXGL Background Thread 3 ] DEBUG Engine               - runtimeInfo: RuntimeInfo(platform=WINDOWS, version=17.2, build=20.08.2022 16.50)
11:53:49.457 [FXGL Background Thread 3 ] DEBUG Engine               - saveFileExt: sav
11:53:49.457 [FXGL Background Thread 3 ] DEBUG Engine               - scaledHeightProp$fxgl: DoubleProperty [bound, value: 666.0]
11:53:49.457 [FXGL Background Thread 3 ] DEBUG Engine               - scaledWidthProp$fxgl: DoubleProperty [bound, value: 1295.0]
11:53:49.457 [FXGL Background Thread 3 ] DEBUG Engine               - sceneFactory: com.almasb.fxgl.app.scene.SceneFactory@71602965
11:53:49.457 [FXGL Background Thread 3 ] DEBUG Engine               - secondsIn24h: 60
11:53:49.457 [FXGL Background Thread 3 ] DEBUG Engine               - soundMenuBack: menu/back.wav
11:53:49.457 [FXGL Background Thread 3 ] DEBUG Engine               - soundMenuPress: menu/press.wav
11:53:49.457 [FXGL Background Thread 3 ] DEBUG Engine               - soundMenuSelect: menu/select.wav
11:53:49.457 [FXGL Background Thread 3 ] DEBUG Engine               - soundNotification: core/notification.wav
11:53:49.457 [FXGL Background Thread 3 ] DEBUG Engine               - stageStyle: DECORATED
11:53:49.457 [FXGL Background Thread 3 ] DEBUG Engine               - supportedLanguages: [ENGLISH, FRENCH, GERMAN, HUNGARIAN, RUSSIAN]
11:53:49.457 [FXGL Background Thread 3 ] DEBUG Engine               - ticksPerSecond: -1
11:53:49.457 [FXGL Background Thread 3 ] DEBUG Engine               - title: SuperMaLi
11:53:49.457 [FXGL Background Thread 3 ] DEBUG Engine               - urlGithub: https://github.com/AlmasB/FXGL
11:53:49.457 [FXGL Background Thread 3 ] DEBUG Engine               - urlLeaderboard: http://fxgl-top.herokuapp.com/
11:53:49.457 [FXGL Background Thread 3 ] DEBUG Engine               - urlPOM: https://raw.githubusercontent.com/AlmasB/FXGL/release/README.md
11:53:49.457 [FXGL Background Thread 3 ] DEBUG Engine               - userAppClass: class xbss.SuperMaLiApp
11:53:49.457 [FXGL Background Thread 3 ] DEBUG Engine               - version: 0.1
11:53:49.457 [FXGL Background Thread 3 ] DEBUG Engine               - versionCheckDays: 7
11:53:49.457 [FXGL Background Thread 3 ] DEBUG Engine               - width: 1295
11:53:49.457 [FXGL Background Thread 3 ] DEBUG Engine               - Logging services
11:53:49.458 [FXGL Background Thread 3 ] DEBUG Engine               - class com.almasb.fxgl.app.services.FXGLAssetLoaderService
11:53:49.458 [FXGL Background Thread 3 ] DEBUG Engine               - class com.almasb.fxgl.app.FXGLApplication$GameApplicationService
11:53:49.458 [FXGL Background Thread 3 ] DEBUG Engine               - class com.almasb.fxgl.app.services.FXGLDialogService
11:53:49.458 [FXGL Background Thread 3 ] DEBUG Engine               - class com.almasb.fxgl.app.services.IOTaskExecutorService
11:53:49.458 [FXGL Background Thread 3 ] DEBUG Engine               - class com.almasb.fxgl.io.FileSystemService
11:53:49.458 [FXGL Background Thread 3 ] DEBUG Engine               - class com.almasb.fxgl.localization.LocalizationService
11:53:49.458 [FXGL Background Thread 3 ] DEBUG Engine               - class com.almasb.fxgl.app.services.SystemBundleService
11:53:49.458 [FXGL Background Thread 3 ] DEBUG Engine               - class com.almasb.fxgl.profile.SaveLoadService
11:53:49.458 [FXGL Background Thread 3 ] DEBUG Engine               - class com.almasb.fxgl.ui.FXGLUIFactoryServiceProvider
11:53:49.458 [FXGL Background Thread 3 ] DEBUG Engine               - class com.almasb.fxgl.ui.FXGLDialogFactoryServiceProvider
11:53:49.458 [FXGL Background Thread 3 ] DEBUG Engine               - class com.almasb.fxgl.audio.AudioPlayer
11:53:49.458 [FXGL Background Thread 3 ] DEBUG Engine               - class com.almasb.fxgl.notification.impl.NotificationServiceProvider
11:53:49.458 [FXGL Background Thread 3 ] DEBUG Engine               - class com.almasb.fxgl.achievement.AchievementService
11:53:49.458 [FXGL Background Thread 3 ] DEBUG Engine               - class com.almasb.fxgl.cutscene.CutsceneService
11:53:49.458 [FXGL Background Thread 3 ] DEBUG Engine               - class com.almasb.fxgl.minigames.MiniGameService
11:53:49.458 [FXGL Background Thread 3 ] DEBUG Engine               - class com.almasb.fxgl.net.NetService
11:53:49.458 [FXGL Background Thread 3 ] DEBUG Engine               - class com.almasb.fxgl.app.services.UpdaterService
11:53:49.458 [FXGL Background Thread 3 ] DEBUG Engine               - class com.almasb.fxgl.dev.DevService
11:53:54.701 [JavaFX Application Thread] DEBUG FXGLAssetLoaderServi - Loading from file system: file:/F:/WorkSpace/Java/IdeaUltimate/SuperMaLi/target/classes/assets/sounds/newjump.wav
11:53:55.785 [JavaFX Application Thread] DEBUG FXGLAssetLoaderServi - Loading from file system: file:/F:/WorkSpace/Java/IdeaUltimate/SuperMaLi/target/classes/assets/sounds/stampEnemy.wav
11:53:55.787 [JavaFX Application Thread] DEBUG FXGLAssetLoaderServi - Loading from file system: file:/F:/WorkSpace/Java/IdeaUltimate/SuperMaLi/target/classes/assets/textures/role/npc/fungus3.png
11:54:01.801 [JavaFX Application Thread] DEBUG FXGLAssetLoaderServi - Loading from file system: file:/F:/WorkSpace/Java/IdeaUltimate/SuperMaLi/target/classes/assets/sounds/coin.wav
11:54:01.803 [JavaFX Application Thread] DEBUG FXGLAssetLoaderServi - Loading from file system: file:/F:/WorkSpace/Java/IdeaUltimate/SuperMaLi/target/classes/assets/textures/map/nowhat.png
11:54:05.705 [JavaFX Application Thread] DEBUG FXGLAssetLoaderServi - Loading from file system: file:/F:/WorkSpace/Java/IdeaUltimate/SuperMaLi/target/classes/assets/sounds/hit.wav
11:54:22.681 [JavaFX Application Thread] DEBUG FXGLAssetLoaderServi - Loading from file system: file:/F:/WorkSpace/Java/IdeaUltimate/SuperMaLi/target/classes/assets/sounds/normalFire.wav
11:54:22.683 [JavaFX Application Thread] DEBUG FXGLAssetLoaderServi - Loading from file system: file:/F:/WorkSpace/Java/IdeaUltimate/SuperMaLi/target/classes/assets/textures/bullet.png
11:54:27.929 [JavaFX Application Thread] DEBUG FXGLAssetLoaderServi - Loading from file system: file:/F:/WorkSpace/Java/IdeaUltimate/SuperMaLi/target/classes/assets/sounds/normalBomb.wav
11:54:27.930 [JavaFX Application Thread] DEBUG FXGLAssetLoaderServi - Loading from file system: file:/F:/WorkSpace/Java/IdeaUltimate/SuperMaLi/target/classes/assets/textures/explode.png
11:54:30.778 [JavaFX Application Thread] DEBUG FXGLAssetLoaderServi - Loading from file system: file:/F:/WorkSpace/Java/IdeaUltimate/SuperMaLi/target/classes/assets/textures/map/item/mushroom.png
11:54:43.545 [JavaFX Application Thread] DEBUG FXGLAssetLoaderServi - Loading from file system: file:/F:/WorkSpace/Java/IdeaUltimate/SuperMaLi/target/classes/assets/textures/map/item/getbullet.png
11:55:09.630 [JavaFX Application Thread] DEBUG AudioPlayer          - Pausing music com.almasb.fxgl.audio.Music@3b59c31e
11:55:09.630 [JavaFX Application Thread] DEBUG LoopRunner           - Pausing loop
12:00:36.112 [JavaFX Application Thread] DEBUG LoopRunner           - Resuming loop
12:00:36.113 [JavaFX Application Thread] DEBUG AudioPlayer          - Resuming music com.almasb.fxgl.audio.Music@3b59c31e
12:00:41.570 [JavaFX Application Thread] DEBUG FXGLApplication      - Exiting FXGL
12:00:41.571 [JavaFX Application Thread] DEBUG LoopRunner           - Stopping loop
12:00:41.571 [JavaFX Application Thread] DEBUG SystemBundleService  - Saving FXGL system data
12:00:41.573 [JavaFX Application Thread] DEBUG FileSystemAccess     - Writing to: F:\WorkSpace\Java\IdeaUltimate\SuperMaLi\system\fxgl.bundle
12:00:41.574 [JavaFX Application Thread] DEBUG Async                - Shutting down background threads
12:00:41.574 [JavaFX Application Thread] DEBUG PrimaryStageWindow   - Closing main window
12:00:41.580 [JavaFX Application Thread] DEBUG Logger               - Closing Logger
