23:56:56.717 [main                     ] DEBUG Logger               - Configured Logger
23:56:56.735 [main                     ] DEBUG GameApplication      - Logging settings
Title: SuperMaLi
Version: 0.1
Width: 1295
Height: 666
Fullscreen: false
Intro: false
Profiling: false
Single step:false
App Mode: DEVELOPER
Menu Key: ESCAPE
Stage Style: DECORATED
Scene Factory: class com.almasb.fxgl.app.scene.SceneFactory

23:56:57.477 [JavaFX Application Thread] DEBUG FXGLApplication      - Initializing FXGL
23:56:57.480 [JavaFX Application Thread] INFO  Engine               - FXGL-17.2 (20.08.2022 16.50) on WINDOWS (J:17.0.3.1 FX:18)
23:56:57.480 [JavaFX Application Thread] DEBUG Engine               - JRE Vendor Name: Oracle Corporation
23:56:57.481 [JavaFX Application Thread] DEBUG Engine               - Running on OS: Windows 10 version 10.0
23:56:57.481 [JavaFX Application Thread] DEBUG Engine               - Architecture: amd64
23:56:57.481 [JavaFX Application Thread] INFO  Engine               - Source code and latest versions at: https://github.com/AlmasB/FXGL
23:56:57.481 [JavaFX Application Thread] INFO  Engine               -       Ask questions and discuss at: https://github.com/AlmasB/FXGL/discussions
23:56:57.481 [JavaFX Application Thread] INFO  Engine               -              Join the FXGL chat at: https://gitter.im/AlmasB/FXGL
23:56:57.530 [JavaFX Application Thread] DEBUG PrimaryStageWindow   - Creating a JavaFX scene
23:56:57.567 [JavaFX Application Thread] DEBUG PrimaryStageWindow   - Target settings size: 1295.0 x 666.0
23:56:57.567 [JavaFX Application Thread] DEBUG PrimaryStageWindow   - Scaled scene size:    1295.0 x 666.0
23:56:57.568 [JavaFX Application Thread] DEBUG PrimaryStageWindow   - Scaled ratio: (1.0, 1.0)
23:56:57.568 [JavaFX Application Thread] DEBUG PrimaryStageWindow   - Set initial scene to FXGLStartupScene
23:56:57.573 [JavaFX Application Thread] DEBUG PrimaryStageWindow   - Opening main window
23:56:57.702 [JavaFX Application Thread] DEBUG PrimaryStageWindow   - Window border size: (16.0, 39.0)
23:56:57.702 [JavaFX Application Thread] DEBUG PrimaryStageWindow   - Scaled size: 1295.0 x 666.0
23:56:57.702 [JavaFX Application Thread] DEBUG PrimaryStageWindow   - Scaled ratio: (1.0, 1.0)
23:56:57.703 [JavaFX Application Thread] DEBUG PrimaryStageWindow   - Scene size: 1295.0 x 666.0
23:56:57.703 [JavaFX Application Thread] DEBUG PrimaryStageWindow   - Stage size: 1311.0 x 705.0
23:56:57.709 [FXGL Background Thread 1 ] DEBUG Engine               - Initializing environment variables
23:56:57.732 [FXGL Background Thread 1 ] DEBUG FXGLAssetLoaderServi - User app class for loading assets: class xbss.SuperMaLiApp
23:56:57.732 [FXGL Background Thread 1 ] DEBUG GameApplicationServi - Applying CSS: fxgl_dark.css
23:56:57.733 [FXGL Background Thread 1 ] DEBUG FXGLAssetLoaderServi - Loading from file system: jar:file:///F:/Environment/Maven/apache-maven-3.6.1-bin/apache-maven-3.6.1/mvn-resp/com/github/almasb/fxgl/17.2/fxgl-17.2.jar!/fxglassets/ui/css/fxgl_dark.css
23:56:57.762 [FXGL Background Thread 1 ] DEBUG GameApplicationServi - Initializing application scenes
23:56:57.808 [FXGL Background Thread 1 ] DEBUG GameWorld            - Game world initialized
23:56:57.836 [FXGL Background Thread 1 ] DEBUG PhysicsWorld         - Physics world initialized: appHeight=666, physics.ppm=50.0
23:56:57.837 [FXGL Background Thread 1 ] DEBUG PhysicsWorld         - Using strategy: BRUTE_FORCE
23:56:57.839 [FXGL Background Thread 1 ] DEBUG GameScene            - Game scene initialized: 1295x666
23:56:57.847 [FXGL Background Thread 1 ] DEBUG FXGL.DefaultMenu     - createMenuBodyGameMenu()
23:56:57.854 [FXGL Background Thread 1 ] DEBUG FXGL.DefaultMenu     - createOptionsMenu()
23:56:57.859 [FXGL Background Thread 1 ] DEBUG FXGLAssetLoaderServi - Loading from file system: jar:file:///F:/Environment/Maven/apache-maven-3.6.1-bin/apache-maven-3.6.1/mvn-resp/com/github/almasb/fxgl/17.2/fxgl-17.2.jar!/fxglassets/textures/particles/smoke.png
23:56:57.903 [FXGL Background Thread 1 ] DEBUG FXGLAssetLoaderServi - Loading from file system: jar:file:///F:/Environment/Maven/apache-maven-3.6.1-bin/apache-maven-3.6.1/mvn-resp/com/github/almasb/fxgl/17.2/fxgl-17.2.jar!/fxglassets/textures/particles/trace_horizontal.png
23:56:57.919 [FXGL Background Thread 1 ] DEBUG GameApplicationServi - Application scenes initialized
23:56:57.925 [FXGL Background Thread 1 ] DEBUG SystemBundleService  - Loading FXGL system data
23:56:57.930 [FXGL Background Thread 1 ] DEBUG FileSystemAccess     - Reading from: F:\WorkSpace\Java\IdeaUltimate\SuperMaLi\system\fxgl.bundle
23:56:57.934 [FXGL Background Thread 1 ] DEBUG SystemBundleService  - Bundle FXGL: {}
23:56:57.934 [FXGL Background Thread 1 ] DEBUG UpdaterService       - Checking for updates
23:56:57.946 [FXGL Background Thread 4 ] DEBUG FXGLApplication      - Loading fonts
23:56:57.946 [FXGL Background Thread 1 ] DEBUG FXGLApplication      - Loading default localization
23:56:57.946 [FXGL Background Thread 4 ] DEBUG FXGLAssetLoaderServi - Loading from file system: jar:file:///F:/Environment/Maven/apache-maven-3.6.1-bin/apache-maven-3.6.1/mvn-resp/com/github/almasb/fxgl/17.2/fxgl-17.2.jar!/fxglassets/ui/fonts/VarelaRound-Regular.ttf
23:56:57.946 [FXGL Background Thread 1 ] DEBUG FXGLAssetLoaderServi - Loading from file system: jar:file:///F:/Environment/Maven/apache-maven-3.6.1-bin/apache-maven-3.6.1/mvn-resp/com/github/almasb/fxgl/17.2/fxgl-17.2.jar!/fxglassets/languages/english.lang
23:56:57.958 [FXGL Background Thread 1 ] INFO  FXGLApplication      - FXGL initialization took: 0.250 sec
23:56:57.965 [JavaFX Application Thread] DEBUG Input                - Registered new binding: action0 - Space
23:56:57.969 [JavaFX Application Thread] DEBUG Input                - Registered new binding: Left - Left
23:56:57.974 [JavaFX Application Thread] DEBUG Input                - Registered new binding: Right - Right
23:56:57.979 [JavaFX Application Thread] DEBUG Input                - Registered new binding: Jump - Up
23:56:57.980 [JavaFX Application Thread] DEBUG FXGLAssetLoaderServi - Loading from file system: file:/F:/WorkSpace/Java/IdeaUltimate/SuperMaLi/target/classes/assets/music/bgmmusic.wav
23:56:57.983 [FXGL Background Thread 4 ] DEBUG FXGLAssetLoaderServi - Loading from file system: jar:file:///F:/Environment/Maven/apache-maven-3.6.1-bin/apache-maven-3.6.1/mvn-resp/com/github/almasb/fxgl/17.2/fxgl-17.2.jar!/fxglassets/ui/fonts/Abel-Regular.ttf
23:56:57.991 [FXGL Background Thread 4 ] DEBUG FXGLAssetLoaderServi - Loading from file system: jar:file:///F:/Environment/Maven/apache-maven-3.6.1-bin/apache-maven-3.6.1/mvn-resp/com/github/almasb/fxgl/17.2/fxgl-17.2.jar!/fxglassets/ui/fonts/TerminalLandMono-Regular.otf
23:56:57.998 [FXGL Background Thread 4 ] DEBUG FXGLAssetLoaderServi - Loading from file system: jar:file:///F:/Environment/Maven/apache-maven-3.6.1-bin/apache-maven-3.6.1/mvn-resp/com/github/almasb/fxgl/17.2/fxgl-17.2.jar!/fxglassets/ui/fonts/Courier-Prime.ttf
23:56:58.120 [JavaFX Application Thread] DEBUG AudioPlayer          - Playing music com.almasb.fxgl.audio.Music@4621ea10
23:56:58.120 [JavaFX Application Thread] DEBUG FXGLAssetLoaderServi - Loading from file system: jar:file:///F:/Environment/Maven/apache-maven-3.6.1-bin/apache-maven-3.6.1/mvn-resp/com/github/almasb/fxgl/17.2/fxgl-17.2.jar!/fxglassets/textures/fxgl_icon.png
23:56:58.133 [JavaFX Application Thread] DEBUG FXGLAssetLoaderServi - Loading from file system: jar:file:///F:/Environment/Maven/apache-maven-3.6.1-bin/apache-maven-3.6.1/mvn-resp/com/github/almasb/fxgl/17.2/fxgl-17.2.jar!/fxglassets/textures/fxgl_default_cursor.png
23:56:58.134 [JavaFX Application Thread] DEBUG Input                - Registered new binding: Screenshot - CTRL+8
23:56:58.134 [JavaFX Application Thread] DEBUG Input                - Registered new binding: Dev Options - 1
23:56:58.135 [JavaFX Application Thread] DEBUG Input                - Registered new binding: Dev Console - 2
23:56:58.135 [JavaFX Application Thread] DEBUG Input                - Registered new binding: System info dump - CTRL+9
23:56:58.135 [JavaFX Application Thread] DEBUG Input                - Registered new binding: Restart - CTRL+R
23:56:58.141 [JavaFX Application Thread] DEBUG Input                - Registered new binding: Toggle Debug Camera - CTRL+7
23:56:58.144 [JavaFX Application Thread] DEBUG LoopRunner           - Starting loop
23:56:58.151 [JavaFX Application Thread] DEBUG LoopRunner           - Initializing JavaFX AnimationTimerLoop
23:56:58.151 [JavaFX Application Thread] DEBUG GameApplicationServi - Starting new game
23:56:58.151 [JavaFX Application Thread] DEBUG Input                - Clearing active input actions
23:56:58.156 [JavaFX Application Thread] DEBUG GameApplicationServi - Removing overlay from FXGLStartupScene and adding to FXGLLoadingScene
23:56:58.157 [JavaFX Application Thread] DEBUG PrimaryStageWindow   - FXGLStartupScene -> FXGLLoadingScene
23:56:58.157 [JavaFX Application Thread] DEBUG GameApplicationServi - Clearing previous game
23:56:58.157 [JavaFX Application Thread] DEBUG GameScene            - Clearing game scene
23:56:58.157 [JavaFX Application Thread] DEBUG GameWorld            - Clearing game world
23:56:58.157 [JavaFX Application Thread] DEBUG PhysicsWorld         - Clearing physics world
23:56:58.158 [JavaFX Application Thread] DEBUG FXGLApplication      - Registering font factories with UI factory
23:56:58.158 [FXGL Background Thread 4 ] DEBUG FXGLApplication      - Initializing game
23:56:58.186 [FXGL Background Thread 4 ] WARN  TMXLevelLoader       - TiledMap generated from 1.8.4. Supported version: 1.9.0. Some features may not be parsed fully.
23:56:58.198 [FXGL Background Thread 4 ] DEBUG TMXLevelLoader       - Parsed TiledMap: file:/F:/WorkSpace/Java/IdeaUltimate/SuperMaLi/target/classes/assets/levels/one.tmx
23:56:58.198 [FXGL Background Thread 4 ] DEBUG TMXLevelLoader       - Creating tile layer entities
23:56:58.199 [FXGL Background Thread 4 ] DEBUG TilesetLoader        - Loading view for layer 图块层 1
23:56:58.203 [FXGL Background Thread 4 ] DEBUG TilesetLoader        - Created buffer with size 3700.0x666.0
23:56:58.216 [FXGL Background Thread 4 ] DEBUG TMXLevelLoader       - Creating object layer entities
23:56:58.242 [FXGL Background Thread 4 ] DEBUG FXGLAssetLoaderServi - Loading from file system: file:/F:/WorkSpace/Java/IdeaUltimate/SuperMaLi/target/classes/assets/textures/role/npc/fungus1.png
23:56:58.243 [FXGL Background Thread 4 ] DEBUG FXGLAssetLoaderServi - Loading from file system: file:/F:/WorkSpace/Java/IdeaUltimate/SuperMaLi/target/classes/assets/textures/role/npc/fungus2.png
23:56:58.255 [FXGL Background Thread 4 ] DEBUG FXGLAssetLoaderServi - Loading from file system: file:/F:/WorkSpace/Java/IdeaUltimate/SuperMaLi/target/classes/assets/textures/map/sea_anim.png
23:56:58.267 [FXGL Background Thread 4 ] DEBUG FXGLAssetLoaderServi - Loading from file system: file:/F:/WorkSpace/Java/IdeaUltimate/SuperMaLi/target/classes/assets/textures/role/npc/flower1.png
23:56:58.268 [FXGL Background Thread 4 ] DEBUG FXGLAssetLoaderServi - Loading from file system: file:/F:/WorkSpace/Java/IdeaUltimate/SuperMaLi/target/classes/assets/textures/role/npc/flower2.png
23:56:58.271 [FXGL Background Thread 4 ] DEBUG GameWorld            - Clearing removable entities
23:56:58.272 [FXGL Background Thread 4 ] DEBUG GameWorld            - Setting level: com.almasb.fxgl.entity.level.Level@1c8f5d74
23:56:58.297 [FXGL Background Thread 4 ] DEBUG FXGLAssetLoaderServi - Loading from file system: file:/F:/WorkSpace/Java/IdeaUltimate/SuperMaLi/target/classes/assets/textures/role/stand_R.png
23:56:58.298 [FXGL Background Thread 4 ] DEBUG FXGLAssetLoaderServi - Loading from file system: file:/F:/WorkSpace/Java/IdeaUltimate/SuperMaLi/target/classes/assets/textures/role/run_R.png
23:56:58.299 [FXGL Background Thread 4 ] DEBUG FXGLAssetLoaderServi - Loading from file system: file:/F:/WorkSpace/Java/IdeaUltimate/SuperMaLi/target/classes/assets/textures/role/jump.png
23:56:58.300 [FXGL Background Thread 4 ] DEBUG FXGLAssetLoaderServi - Loading from file system: file:/F:/WorkSpace/Java/IdeaUltimate/SuperMaLi/target/classes/assets/textures/map/img.png
23:56:58.356 [FXGL Background Thread 4 ] INFO  FXGLApplication      - Game initialization took: 0.198 sec
23:56:58.434 [JavaFX Application Thread] DEBUG Input                - Clearing active input actions
23:56:58.440 [JavaFX Application Thread] DEBUG GameApplicationServi - Removing overlay from FXGLLoadingScene and adding to GameScene
23:56:58.443 [JavaFX Application Thread] DEBUG PrimaryStageWindow   - FXGLLoadingScene -> GameScene
23:57:00.945 [FXGL Background Thread 3 ] DEBUG Engine               - Logging environment variables
23:57:00.945 [FXGL Background Thread 3 ] DEBUG Engine               - achievements: []
23:57:00.945 [FXGL Background Thread 3 ] DEBUG Engine               - actualHeight: 666.0
23:57:00.945 [FXGL Background Thread 3 ] DEBUG Engine               - actualHeightProperty: ReadOnlyDoubleProperty [value: 666.0]
23:57:00.945 [FXGL Background Thread 3 ] DEBUG Engine               - actualWidth: 1295.0
23:57:00.945 [FXGL Background Thread 3 ] DEBUG Engine               - actualWidthProperty: ReadOnlyDoubleProperty [value: 1295.0]
23:57:00.946 [FXGL Background Thread 3 ] DEBUG Engine               - appIcon: fxgl_icon.png
23:57:00.946 [FXGL Background Thread 3 ] DEBUG Engine               - applicationMode: DEVELOPER
23:57:00.946 [FXGL Background Thread 3 ] DEBUG Engine               - cSSList: [fxgl_dark.css]
23:57:00.946 [FXGL Background Thread 3 ] DEBUG Engine               - collisionDetectionStrategy: BRUTE_FORCE
23:57:00.946 [FXGL Background Thread 3 ] DEBUG Engine               - configClass: Optional.empty
23:57:00.946 [FXGL Background Thread 3 ] DEBUG Engine               - credits: []
23:57:00.946 [FXGL Background Thread 3 ] DEBUG Engine               - defaultCursor: CursorInfo(imageName=fxgl_default_cursor.png, hotspotX=7.0, hotspotY=6.0)
23:57:00.946 [FXGL Background Thread 3 ] DEBUG Engine               - devBBoxColorProperty: ObjectProperty [value: 0xff0000ff]
23:57:00.946 [FXGL Background Thread 3 ] DEBUG Engine               - devEnableDebugCameraProperty: BooleanProperty [value: false]
23:57:00.946 [FXGL Background Thread 3 ] DEBUG Engine               - devSensorColorProperty: ObjectProperty [value: 0xffff00ff]
23:57:00.946 [FXGL Background Thread 3 ] DEBUG Engine               - devShowBBoxProperty: BooleanProperty [value: false]
23:57:00.946 [FXGL Background Thread 3 ] DEBUG Engine               - devShowPositionProperty: BooleanProperty [value: false]
23:57:00.947 [FXGL Background Thread 3 ] DEBUG Engine               - enabledMenuItems: []
23:57:00.947 [FXGL Background Thread 3 ] DEBUG Engine               - engineServices: [class com.almasb.fxgl.app.services.FXGLAssetLoaderService, class com.almasb.fxgl.app.FXGLApplication$GameApplicationService, class com.almasb.fxgl.app.services.FXGLDialogService, class com.almasb.fxgl.app.services.IOTaskExecutorService, class com.almasb.fxgl.io.FileSystemService, class com.almasb.fxgl.localization.LocalizationService, class com.almasb.fxgl.app.services.SystemBundleService, class com.almasb.fxgl.profile.SaveLoadService, class com.almasb.fxgl.ui.FXGLUIFactoryServiceProvider, class com.almasb.fxgl.ui.FXGLDialogFactoryServiceProvider, class com.almasb.fxgl.audio.AudioPlayer, class com.almasb.fxgl.notification.impl.NotificationServiceProvider, class com.almasb.fxgl.achievement.AchievementService, class com.almasb.fxgl.cutscene.CutsceneService, class com.almasb.fxgl.minigames.MiniGameService, class com.almasb.fxgl.net.NetService, class com.almasb.fxgl.app.services.UpdaterService, class com.almasb.fxgl.dev.DevService]
23:57:00.947 [FXGL Background Thread 3 ] DEBUG Engine               - fontGame: Abel-Regular.ttf
23:57:00.947 [FXGL Background Thread 3 ] DEBUG Engine               - fontMono: TerminalLandMono-Regular.otf
23:57:00.947 [FXGL Background Thread 3 ] DEBUG Engine               - fontText: Courier-Prime.ttf
23:57:00.947 [FXGL Background Thread 3 ] DEBUG Engine               - fontUI: VarelaRound-Regular.ttf
23:57:00.947 [FXGL Background Thread 3 ] DEBUG Engine               - fullScreen: BooleanProperty [value: false]
23:57:00.947 [FXGL Background Thread 3 ] DEBUG Engine               - gameDifficulty: MEDIUM
23:57:00.947 [FXGL Background Thread 3 ] DEBUG Engine               - gameDifficultyProperty: ObjectProperty [value: MEDIUM]
23:57:00.947 [FXGL Background Thread 3 ] DEBUG Engine               - globalMusicVolume: 0.5
23:57:00.947 [FXGL Background Thread 3 ] DEBUG Engine               - globalMusicVolumeProperty: DoubleProperty [value: 0.5]
23:57:00.947 [FXGL Background Thread 3 ] DEBUG Engine               - globalSoundVolume: 0.5
23:57:00.947 [FXGL Background Thread 3 ] DEBUG Engine               - globalSoundVolumeProperty: DoubleProperty [value: 0.5]
23:57:00.947 [FXGL Background Thread 3 ] DEBUG Engine               - height: 666
23:57:00.947 [FXGL Background Thread 3 ] DEBUG Engine               - is3D: false
23:57:00.947 [FXGL Background Thread 3 ] DEBUG Engine               - isAndroid: false
23:57:00.947 [FXGL Background Thread 3 ] DEBUG Engine               - isBrowser: false
23:57:00.948 [FXGL Background Thread 3 ] DEBUG Engine               - isClickFeedbackEnabled: false
23:57:00.948 [FXGL Background Thread 3 ] DEBUG Engine               - isCloseConfirmation: false
23:57:00.948 [FXGL Background Thread 3 ] DEBUG Engine               - isDesktop: true
23:57:00.948 [FXGL Background Thread 3 ] DEBUG Engine               - isDeveloperMenuEnabled: true
23:57:00.948 [FXGL Background Thread 3 ] DEBUG Engine               - isEmbedded: false
23:57:00.948 [FXGL Background Thread 3 ] DEBUG Engine               - isEntityPreloadEnabled: true
23:57:00.948 [FXGL Background Thread 3 ] DEBUG Engine               - isExperimentalTiledLargeMap: false
23:57:00.948 [FXGL Background Thread 3 ] DEBUG Engine               - isFileSystemWriteAllowed: true
23:57:00.948 [FXGL Background Thread 3 ] DEBUG Engine               - isFullScreenAllowed: false
23:57:00.948 [FXGL Background Thread 3 ] DEBUG Engine               - isFullScreenFromStart: false
23:57:00.948 [FXGL Background Thread 3 ] DEBUG Engine               - isGameMenuEnabled: true
23:57:00.948 [FXGL Background Thread 3 ] DEBUG Engine               - isIOS: false
23:57:00.948 [FXGL Background Thread 3 ] DEBUG Engine               - isIntroEnabled: false
23:57:00.948 [FXGL Background Thread 3 ] DEBUG Engine               - isLinux: false
23:57:00.948 [FXGL Background Thread 3 ] DEBUG Engine               - isMac: false
23:57:00.948 [FXGL Background Thread 3 ] DEBUG Engine               - isMainMenuEnabled: false
23:57:00.948 [FXGL Background Thread 3 ] DEBUG Engine               - isManualResizeEnabled: false
23:57:00.948 [FXGL Background Thread 3 ] DEBUG Engine               - isMobile: false
23:57:00.948 [FXGL Background Thread 3 ] DEBUG Engine               - isNative: false
23:57:00.948 [FXGL Background Thread 3 ] DEBUG Engine               - isPauseMusicWhenMinimized: true
23:57:00.949 [FXGL Background Thread 3 ] DEBUG Engine               - isPreserveResizeRatio: false
23:57:00.949 [FXGL Background Thread 3 ] DEBUG Engine               - isProfilingEnabled: false
23:57:00.949 [FXGL Background Thread 3 ] DEBUG Engine               - isScaleAffectedOnResize: true
23:57:00.949 [FXGL Background Thread 3 ] DEBUG Engine               - isSingleStep: false
23:57:00.949 [FXGL Background Thread 3 ] DEBUG Engine               - isUserProfileEnabled: false
23:57:00.949 [FXGL Background Thread 3 ] DEBUG Engine               - isWindows: true
23:57:00.949 [FXGL Background Thread 3 ] DEBUG Engine               - language: ObjectProperty [value: ENGLISH]
23:57:00.949 [FXGL Background Thread 3 ] DEBUG Engine               - menuKey: ESCAPE
23:57:00.949 [FXGL Background Thread 3 ] DEBUG Engine               - mouseSensitivity: 0.2
23:57:00.949 [FXGL Background Thread 3 ] DEBUG Engine               - notificationViewClass: class com.almasb.fxgl.notification.view.XboxNotificationView
23:57:00.949 [FXGL Background Thread 3 ] DEBUG Engine               - pixelsPerMeter: 50.0
23:57:00.949 [FXGL Background Thread 3 ] DEBUG Engine               - platform: WINDOWS
23:57:00.949 [FXGL Background Thread 3 ] DEBUG Engine               - prefHeightProperty: ReadOnlyDoubleProperty [value: 666.0]
23:57:00.949 [FXGL Background Thread 3 ] DEBUG Engine               - prefWidthProperty: ReadOnlyDoubleProperty [value: 1295.0]
23:57:00.949 [FXGL Background Thread 3 ] DEBUG Engine               - profileDir: profiles/
23:57:00.949 [FXGL Background Thread 3 ] DEBUG Engine               - profileName: StringProperty [value: DEFAULT]
23:57:00.949 [FXGL Background Thread 3 ] DEBUG Engine               - randomSeed: -1
23:57:00.950 [FXGL Background Thread 3 ] DEBUG Engine               - runtimeInfo: RuntimeInfo(platform=WINDOWS, version=17.2, build=20.08.2022 16.50)
23:57:00.950 [FXGL Background Thread 3 ] DEBUG Engine               - saveFileExt: sav
23:57:00.950 [FXGL Background Thread 3 ] DEBUG Engine               - scaledHeightProp$fxgl: DoubleProperty [bound, value: 666.0]
23:57:00.950 [FXGL Background Thread 3 ] DEBUG Engine               - scaledWidthProp$fxgl: DoubleProperty [bound, value: 1295.0]
23:57:00.950 [FXGL Background Thread 3 ] DEBUG Engine               - sceneFactory: com.almasb.fxgl.app.scene.SceneFactory@3a73d8eb
23:57:00.950 [FXGL Background Thread 3 ] DEBUG Engine               - secondsIn24h: 60
23:57:00.950 [FXGL Background Thread 3 ] DEBUG Engine               - soundMenuBack: menu/back.wav
23:57:00.950 [FXGL Background Thread 3 ] DEBUG Engine               - soundMenuPress: menu/press.wav
23:57:00.950 [FXGL Background Thread 3 ] DEBUG Engine               - soundMenuSelect: menu/select.wav
23:57:00.950 [FXGL Background Thread 3 ] DEBUG Engine               - soundNotification: core/notification.wav
23:57:00.950 [FXGL Background Thread 3 ] DEBUG Engine               - stageStyle: DECORATED
23:57:00.950 [FXGL Background Thread 3 ] DEBUG Engine               - supportedLanguages: [ENGLISH, FRENCH, GERMAN, HUNGARIAN, RUSSIAN]
23:57:00.950 [FXGL Background Thread 3 ] DEBUG Engine               - ticksPerSecond: -1
23:57:00.950 [FXGL Background Thread 3 ] DEBUG Engine               - title: SuperMaLi
23:57:00.950 [FXGL Background Thread 3 ] DEBUG Engine               - urlGithub: https://github.com/AlmasB/FXGL
23:57:00.950 [FXGL Background Thread 3 ] DEBUG Engine               - urlLeaderboard: http://fxgl-top.herokuapp.com/
23:57:00.950 [FXGL Background Thread 3 ] DEBUG Engine               - urlPOM: https://raw.githubusercontent.com/AlmasB/FXGL/release/README.md
23:57:00.950 [FXGL Background Thread 3 ] DEBUG Engine               - userAppClass: class xbss.SuperMaLiApp
23:57:00.950 [FXGL Background Thread 3 ] DEBUG Engine               - version: 0.1
23:57:00.950 [FXGL Background Thread 3 ] DEBUG Engine               - versionCheckDays: 7
23:57:00.951 [FXGL Background Thread 3 ] DEBUG Engine               - width: 1295
23:57:00.951 [FXGL Background Thread 3 ] DEBUG Engine               - Logging services
23:57:00.951 [FXGL Background Thread 3 ] DEBUG Engine               - class com.almasb.fxgl.app.services.FXGLAssetLoaderService
23:57:00.951 [FXGL Background Thread 3 ] DEBUG Engine               - class com.almasb.fxgl.app.FXGLApplication$GameApplicationService
23:57:00.951 [FXGL Background Thread 3 ] DEBUG Engine               - class com.almasb.fxgl.app.services.FXGLDialogService
23:57:00.951 [FXGL Background Thread 3 ] DEBUG Engine               - class com.almasb.fxgl.app.services.IOTaskExecutorService
23:57:00.951 [FXGL Background Thread 3 ] DEBUG Engine               - class com.almasb.fxgl.io.FileSystemService
23:57:00.951 [FXGL Background Thread 3 ] DEBUG Engine               - class com.almasb.fxgl.localization.LocalizationService
23:57:00.951 [FXGL Background Thread 3 ] DEBUG Engine               - class com.almasb.fxgl.app.services.SystemBundleService
23:57:00.951 [FXGL Background Thread 3 ] DEBUG Engine               - class com.almasb.fxgl.profile.SaveLoadService
23:57:00.951 [FXGL Background Thread 3 ] DEBUG Engine               - class com.almasb.fxgl.ui.FXGLUIFactoryServiceProvider
23:57:00.951 [FXGL Background Thread 3 ] DEBUG Engine               - class com.almasb.fxgl.ui.FXGLDialogFactoryServiceProvider
23:57:00.951 [FXGL Background Thread 3 ] DEBUG Engine               - class com.almasb.fxgl.audio.AudioPlayer
23:57:00.951 [FXGL Background Thread 3 ] DEBUG Engine               - class com.almasb.fxgl.notification.impl.NotificationServiceProvider
23:57:00.951 [FXGL Background Thread 3 ] DEBUG Engine               - class com.almasb.fxgl.achievement.AchievementService
23:57:00.951 [FXGL Background Thread 3 ] DEBUG Engine               - class com.almasb.fxgl.cutscene.CutsceneService
23:57:00.951 [FXGL Background Thread 3 ] DEBUG Engine               - class com.almasb.fxgl.minigames.MiniGameService
23:57:00.951 [FXGL Background Thread 3 ] DEBUG Engine               - class com.almasb.fxgl.net.NetService
23:57:00.951 [FXGL Background Thread 3 ] DEBUG Engine               - class com.almasb.fxgl.app.services.UpdaterService
23:57:00.951 [FXGL Background Thread 3 ] DEBUG Engine               - class com.almasb.fxgl.dev.DevService
23:57:23.134 [JavaFX Application Thread] DEBUG FXGLAssetLoaderServi - Loading from file system: file:/F:/WorkSpace/Java/IdeaUltimate/SuperMaLi/target/classes/assets/sounds/newjump.wav
23:57:27.648 [JavaFX Application Thread] DEBUG FXGLAssetLoaderServi - Loading from file system: file:/F:/WorkSpace/Java/IdeaUltimate/SuperMaLi/target/classes/assets/sounds/coin.wav
23:57:27.661 [JavaFX Application Thread] DEBUG FXGLAssetLoaderServi - Loading from file system: file:/F:/WorkSpace/Java/IdeaUltimate/SuperMaLi/target/classes/assets/textures/map/nowhat.png
23:57:35.479 [JavaFX Application Thread] WARN  FXGLAssetLoaderServi - Asset "/assets/textures/map/item/bigger.png" was not found!
23:57:35.479 [JavaFX Application Thread] WARN  FXGLAssetLoaderServi - Failed to load IMAGE
23:57:50.672 [JavaFX Application Thread] DEBUG FXGLAssetLoaderServi - Loading from file system: file:/F:/WorkSpace/Java/IdeaUltimate/SuperMaLi/target/classes/assets/sounds/stampEnemy.wav
23:57:50.681 [JavaFX Application Thread] DEBUG FXGLAssetLoaderServi - Loading from file system: file:/F:/WorkSpace/Java/IdeaUltimate/SuperMaLi/target/classes/assets/textures/role/npc/fungus3.png
23:57:50.912 [JavaFX Application Thread] DEBUG FXGLAssetLoaderServi - Loading from file system: file:/F:/WorkSpace/Java/IdeaUltimate/SuperMaLi/target/classes/assets/sounds/die.wav
23:57:52.529 [JavaFX Application Thread] DEBUG FXGLApplication      - Exiting FXGL
23:57:52.529 [JavaFX Application Thread] DEBUG LoopRunner           - Stopping loop
23:57:52.529 [JavaFX Application Thread] DEBUG SystemBundleService  - Saving FXGL system data
23:57:52.530 [JavaFX Application Thread] DEBUG FileSystemAccess     - Writing to: F:\WorkSpace\Java\IdeaUltimate\SuperMaLi\system\fxgl.bundle
23:57:52.531 [JavaFX Application Thread] DEBUG Async                - Shutting down background threads
23:57:52.532 [JavaFX Application Thread] DEBUG PrimaryStageWindow   - Closing main window
23:57:52.538 [JavaFX Application Thread] DEBUG Logger               - Closing Logger
