21:35:41.047 [main                     ] DEBUG Logger               - Configured Logger
21:35:41.064 [main                     ] DEBUG GameApplication      - Logging settings
Title: SuperMaLi
Version: 0.1
Width: 1295
Height: 666
Fullscreen: false
Intro: false
Profiling: false
Single step:false
App Mode: DEVELOPER
Menu Key: ESCAPE
Stage Style: DECORATED
Scene Factory: class com.almasb.fxgl.app.scene.SceneFactory

21:35:41.278 [JavaFX Application Thread] DEBUG FXGLApplication      - Initializing FXGL
21:35:41.281 [JavaFX Application Thread] INFO  Engine               - FXGL-17.2 (20.08.2022 16.50) on WINDOWS (J:17.0.3.1 FX:18)
21:35:41.281 [JavaFX Application Thread] DEBUG Engine               - JRE Vendor Name: Oracle Corporation
21:35:41.282 [JavaFX Application Thread] DEBUG Engine               - Running on OS: Windows 10 version 10.0
21:35:41.282 [JavaFX Application Thread] DEBUG Engine               - Architecture: amd64
21:35:41.282 [JavaFX Application Thread] INFO  Engine               - Source code and latest versions at: https://github.com/AlmasB/FXGL
21:35:41.282 [JavaFX Application Thread] INFO  Engine               -       Ask questions and discuss at: https://github.com/AlmasB/FXGL/discussions
21:35:41.282 [JavaFX Application Thread] INFO  Engine               -              Join the FXGL chat at: https://gitter.im/AlmasB/FXGL
21:35:41.331 [JavaFX Application Thread] DEBUG PrimaryStageWindow   - Creating a JavaFX scene
21:35:41.359 [JavaFX Application Thread] DEBUG PrimaryStageWindow   - Target settings size: 1295.0 x 666.0
21:35:41.360 [JavaFX Application Thread] DEBUG PrimaryStageWindow   - Scaled scene size:    1295.0 x 666.0
21:35:41.360 [JavaFX Application Thread] DEBUG PrimaryStageWindow   - Scaled ratio: (1.0, 1.0)
21:35:41.360 [JavaFX Application Thread] DEBUG PrimaryStageWindow   - Set initial scene to FXGLStartupScene
21:35:41.365 [JavaFX Application Thread] DEBUG PrimaryStageWindow   - Opening main window
21:35:41.465 [JavaFX Application Thread] DEBUG PrimaryStageWindow   - Window border size: (16.0, 39.0)
21:35:41.465 [JavaFX Application Thread] DEBUG PrimaryStageWindow   - Scaled size: 1295.0 x 666.0
21:35:41.466 [JavaFX Application Thread] DEBUG PrimaryStageWindow   - Scaled ratio: (1.0, 1.0)
21:35:41.466 [JavaFX Application Thread] DEBUG PrimaryStageWindow   - Scene size: 1295.0 x 666.0
21:35:41.466 [JavaFX Application Thread] DEBUG PrimaryStageWindow   - Stage size: 1311.0 x 705.0
21:35:41.470 [FXGL Background Thread 1 ] DEBUG Engine               - Initializing environment variables
21:35:41.493 [FXGL Background Thread 1 ] DEBUG FXGLAssetLoaderServi - User app class for loading assets: class xbss.SuperMaLiApp
21:35:41.493 [FXGL Background Thread 1 ] DEBUG GameApplicationServi - Applying CSS: fxgl_dark.css
21:35:41.494 [FXGL Background Thread 1 ] DEBUG FXGLAssetLoaderServi - Loading from file system: jar:file:///F:/Environment/Maven/apache-maven-3.6.1-bin/apache-maven-3.6.1/mvn-resp/com/github/almasb/fxgl/17.2/fxgl-17.2.jar!/fxglassets/ui/css/fxgl_dark.css
21:35:41.521 [FXGL Background Thread 1 ] DEBUG GameApplicationServi - Initializing application scenes
21:35:41.555 [FXGL Background Thread 1 ] DEBUG GameWorld            - Game world initialized
21:35:41.592 [FXGL Background Thread 1 ] DEBUG PhysicsWorld         - Physics world initialized: appHeight=666, physics.ppm=50.0
21:35:41.592 [FXGL Background Thread 1 ] DEBUG PhysicsWorld         - Using strategy: BRUTE_FORCE
21:35:41.594 [FXGL Background Thread 1 ] DEBUG GameScene            - Game scene initialized: 1295x666
21:35:41.601 [FXGL Background Thread 1 ] DEBUG FXGL.DefaultMenu     - createMenuBodyGameMenu()
21:35:41.609 [FXGL Background Thread 1 ] DEBUG FXGL.DefaultMenu     - createOptionsMenu()
21:35:41.614 [FXGL Background Thread 1 ] DEBUG FXGLAssetLoaderServi - Loading from file system: jar:file:///F:/Environment/Maven/apache-maven-3.6.1-bin/apache-maven-3.6.1/mvn-resp/com/github/almasb/fxgl/17.2/fxgl-17.2.jar!/fxglassets/textures/particles/smoke.png
21:35:41.661 [FXGL Background Thread 1 ] DEBUG FXGLAssetLoaderServi - Loading from file system: jar:file:///F:/Environment/Maven/apache-maven-3.6.1-bin/apache-maven-3.6.1/mvn-resp/com/github/almasb/fxgl/17.2/fxgl-17.2.jar!/fxglassets/textures/particles/trace_horizontal.png
21:35:41.675 [FXGL Background Thread 1 ] DEBUG GameApplicationServi - Application scenes initialized
21:35:41.682 [FXGL Background Thread 1 ] DEBUG SystemBundleService  - Loading FXGL system data
21:35:41.684 [FXGL Background Thread 1 ] DEBUG FileSystemAccess     - Reading from: F:\WorkSpace\Java\IdeaUltimate\SuperMaLi\system\fxgl.bundle
21:35:41.688 [FXGL Background Thread 1 ] DEBUG SystemBundleService  - Bundle FXGL: {}
21:35:41.688 [FXGL Background Thread 1 ] DEBUG UpdaterService       - Checking for updates
21:35:41.702 [FXGL Background Thread 4 ] DEBUG FXGLApplication      - Loading fonts
21:35:41.702 [FXGL Background Thread 1 ] DEBUG FXGLApplication      - Loading default localization
21:35:41.702 [FXGL Background Thread 4 ] DEBUG FXGLAssetLoaderServi - Loading from file system: jar:file:///F:/Environment/Maven/apache-maven-3.6.1-bin/apache-maven-3.6.1/mvn-resp/com/github/almasb/fxgl/17.2/fxgl-17.2.jar!/fxglassets/ui/fonts/VarelaRound-Regular.ttf
21:35:41.702 [FXGL Background Thread 1 ] DEBUG FXGLAssetLoaderServi - Loading from file system: jar:file:///F:/Environment/Maven/apache-maven-3.6.1-bin/apache-maven-3.6.1/mvn-resp/com/github/almasb/fxgl/17.2/fxgl-17.2.jar!/fxglassets/languages/english.lang
21:35:41.715 [FXGL Background Thread 1 ] INFO  FXGLApplication      - FXGL initialization took: 0.245 sec
21:35:41.722 [JavaFX Application Thread] DEBUG Input                - Registered new binding: action0 - Space
21:35:41.723 [JavaFX Application Thread] DEBUG Input                - Registered new binding: Left - Left
21:35:41.723 [JavaFX Application Thread] DEBUG Input                - Registered new binding: Right - Right
21:35:41.723 [JavaFX Application Thread] DEBUG Input                - Registered new binding: Jump - Up
21:35:41.724 [JavaFX Application Thread] DEBUG FXGLAssetLoaderServi - Loading from file system: file:/F:/WorkSpace/Java/IdeaUltimate/SuperMaLi/target/classes/assets/music/bgmmusic.wav
21:35:41.739 [FXGL Background Thread 4 ] DEBUG FXGLAssetLoaderServi - Loading from file system: jar:file:///F:/Environment/Maven/apache-maven-3.6.1-bin/apache-maven-3.6.1/mvn-resp/com/github/almasb/fxgl/17.2/fxgl-17.2.jar!/fxglassets/ui/fonts/Abel-Regular.ttf
21:35:41.745 [FXGL Background Thread 4 ] DEBUG FXGLAssetLoaderServi - Loading from file system: jar:file:///F:/Environment/Maven/apache-maven-3.6.1-bin/apache-maven-3.6.1/mvn-resp/com/github/almasb/fxgl/17.2/fxgl-17.2.jar!/fxglassets/ui/fonts/TerminalLandMono-Regular.otf
21:35:41.751 [FXGL Background Thread 4 ] DEBUG FXGLAssetLoaderServi - Loading from file system: jar:file:///F:/Environment/Maven/apache-maven-3.6.1-bin/apache-maven-3.6.1/mvn-resp/com/github/almasb/fxgl/17.2/fxgl-17.2.jar!/fxglassets/ui/fonts/Courier-Prime.ttf
21:35:41.808 [JavaFX Application Thread] DEBUG AudioPlayer          - Playing music com.almasb.fxgl.audio.Music@140e9b2a
21:35:41.808 [JavaFX Application Thread] DEBUG FXGLAssetLoaderServi - Loading from file system: jar:file:///F:/Environment/Maven/apache-maven-3.6.1-bin/apache-maven-3.6.1/mvn-resp/com/github/almasb/fxgl/17.2/fxgl-17.2.jar!/fxglassets/textures/fxgl_icon.png
21:35:41.819 [JavaFX Application Thread] DEBUG FXGLAssetLoaderServi - Loading from file system: jar:file:///F:/Environment/Maven/apache-maven-3.6.1-bin/apache-maven-3.6.1/mvn-resp/com/github/almasb/fxgl/17.2/fxgl-17.2.jar!/fxglassets/textures/fxgl_default_cursor.png
21:35:41.821 [JavaFX Application Thread] DEBUG Input                - Registered new binding: Screenshot - CTRL+8
21:35:41.821 [JavaFX Application Thread] DEBUG Input                - Registered new binding: Dev Options - 1
21:35:41.821 [JavaFX Application Thread] DEBUG Input                - Registered new binding: Dev Console - 2
21:35:41.822 [JavaFX Application Thread] DEBUG Input                - Registered new binding: System info dump - CTRL+9
21:35:41.822 [JavaFX Application Thread] DEBUG Input                - Registered new binding: Restart - CTRL+R
21:35:41.822 [JavaFX Application Thread] DEBUG Input                - Registered new binding: Toggle Debug Camera - CTRL+7
21:35:41.824 [JavaFX Application Thread] DEBUG LoopRunner           - Starting loop
21:35:41.836 [JavaFX Application Thread] DEBUG LoopRunner           - Initializing JavaFX AnimationTimerLoop
21:35:41.836 [JavaFX Application Thread] DEBUG GameApplicationServi - Starting new game
21:35:41.836 [JavaFX Application Thread] DEBUG Input                - Clearing active input actions
21:35:41.842 [JavaFX Application Thread] DEBUG GameApplicationServi - Removing overlay from FXGLStartupScene and adding to FXGLLoadingScene
21:35:41.845 [JavaFX Application Thread] DEBUG PrimaryStageWindow   - FXGLStartupScene -> FXGLLoadingScene
21:35:41.845 [JavaFX Application Thread] DEBUG GameApplicationServi - Clearing previous game
21:35:41.846 [JavaFX Application Thread] DEBUG GameScene            - Clearing game scene
21:35:41.846 [JavaFX Application Thread] DEBUG GameWorld            - Clearing game world
21:35:41.846 [JavaFX Application Thread] DEBUG PhysicsWorld         - Clearing physics world
21:35:41.847 [JavaFX Application Thread] DEBUG FXGLApplication      - Registering font factories with UI factory
21:35:41.847 [FXGL Background Thread 4 ] DEBUG FXGLApplication      - Initializing game
21:35:41.867 [FXGL Background Thread 4 ] WARN  TMXLevelLoader       - TiledMap generated from 1.8.4. Supported version: 1.9.0. Some features may not be parsed fully.
21:35:41.879 [FXGL Background Thread 4 ] DEBUG TMXLevelLoader       - Parsed TiledMap: file:/F:/WorkSpace/Java/IdeaUltimate/SuperMaLi/target/classes/assets/levels/one.tmx
21:35:41.880 [FXGL Background Thread 4 ] DEBUG TMXLevelLoader       - Creating tile layer entities
21:35:41.881 [FXGL Background Thread 4 ] DEBUG TilesetLoader        - Loading view for layer 图块层 1
21:35:41.887 [FXGL Background Thread 4 ] DEBUG TilesetLoader        - Created buffer with size 3700.0x666.0
21:35:41.893 [FXGL Background Thread 4 ] DEBUG TMXLevelLoader       - Creating object layer entities
21:35:41.910 [FXGL Background Thread 4 ] DEBUG FXGLAssetLoaderServi - Loading from file system: file:/F:/WorkSpace/Java/IdeaUltimate/SuperMaLi/target/classes/assets/textures/role/npc/fungus1.png
21:35:41.911 [FXGL Background Thread 4 ] DEBUG FXGLAssetLoaderServi - Loading from file system: file:/F:/WorkSpace/Java/IdeaUltimate/SuperMaLi/target/classes/assets/textures/role/npc/fungus2.png
21:35:41.918 [FXGL Background Thread 4 ] DEBUG FXGLAssetLoaderServi - Loading from file system: file:/F:/WorkSpace/Java/IdeaUltimate/SuperMaLi/target/classes/assets/textures/map/sea_anim.png
21:35:41.931 [FXGL Background Thread 4 ] DEBUG FXGLAssetLoaderServi - Loading from file system: file:/F:/WorkSpace/Java/IdeaUltimate/SuperMaLi/target/classes/assets/textures/role/npc/flower1.png
21:35:41.932 [FXGL Background Thread 4 ] DEBUG FXGLAssetLoaderServi - Loading from file system: file:/F:/WorkSpace/Java/IdeaUltimate/SuperMaLi/target/classes/assets/textures/role/npc/flower2.png
21:35:41.935 [FXGL Background Thread 4 ] DEBUG GameWorld            - Clearing removable entities
21:35:41.935 [FXGL Background Thread 4 ] DEBUG GameWorld            - Setting level: com.almasb.fxgl.entity.level.Level@788d6144
21:35:41.950 [FXGL Background Thread 4 ] DEBUG FXGLAssetLoaderServi - Loading from file system: file:/F:/WorkSpace/Java/IdeaUltimate/SuperMaLi/target/classes/assets/textures/role/stand_R.png
21:35:41.951 [FXGL Background Thread 4 ] DEBUG FXGLAssetLoaderServi - Loading from file system: file:/F:/WorkSpace/Java/IdeaUltimate/SuperMaLi/target/classes/assets/textures/role/run_R.png
21:35:41.952 [FXGL Background Thread 4 ] DEBUG FXGLAssetLoaderServi - Loading from file system: file:/F:/WorkSpace/Java/IdeaUltimate/SuperMaLi/target/classes/assets/textures/role/jump.png
21:35:41.954 [FXGL Background Thread 4 ] DEBUG FXGLAssetLoaderServi - Loading from file system: file:/F:/WorkSpace/Java/IdeaUltimate/SuperMaLi/target/classes/assets/textures/map/img.png
21:35:41.962 [FXGL Background Thread 4 ] INFO  FXGLApplication      - Game initialization took: 0.115 sec
21:35:41.973 [JavaFX Application Thread] DEBUG Input                - Clearing active input actions
21:35:41.977 [JavaFX Application Thread] DEBUG GameApplicationServi - Removing overlay from FXGLLoadingScene and adding to GameScene
21:35:41.980 [JavaFX Application Thread] DEBUG PrimaryStageWindow   - FXGLLoadingScene -> GameScene
21:35:44.702 [FXGL Background Thread 3 ] DEBUG Engine               - Logging environment variables
21:35:44.703 [FXGL Background Thread 3 ] DEBUG Engine               - achievements: []
21:35:44.704 [FXGL Background Thread 3 ] DEBUG Engine               - actualHeight: 666.0
21:35:44.704 [FXGL Background Thread 3 ] DEBUG Engine               - actualHeightProperty: ReadOnlyDoubleProperty [value: 666.0]
21:35:44.704 [FXGL Background Thread 3 ] DEBUG Engine               - actualWidth: 1295.0
21:35:44.705 [FXGL Background Thread 3 ] DEBUG Engine               - actualWidthProperty: ReadOnlyDoubleProperty [value: 1295.0]
21:35:44.705 [FXGL Background Thread 3 ] DEBUG Engine               - appIcon: fxgl_icon.png
21:35:44.705 [FXGL Background Thread 3 ] DEBUG Engine               - applicationMode: DEVELOPER
21:35:44.706 [FXGL Background Thread 3 ] DEBUG Engine               - cSSList: [fxgl_dark.css]
21:35:44.706 [FXGL Background Thread 3 ] DEBUG Engine               - collisionDetectionStrategy: BRUTE_FORCE
21:35:44.706 [FXGL Background Thread 3 ] DEBUG Engine               - configClass: Optional.empty
21:35:44.707 [FXGL Background Thread 3 ] DEBUG Engine               - credits: []
21:35:44.708 [FXGL Background Thread 3 ] DEBUG Engine               - defaultCursor: CursorInfo(imageName=fxgl_default_cursor.png, hotspotX=7.0, hotspotY=6.0)
21:35:44.709 [FXGL Background Thread 3 ] DEBUG Engine               - devBBoxColorProperty: ObjectProperty [value: 0xff0000ff]
21:35:44.710 [FXGL Background Thread 3 ] DEBUG Engine               - devEnableDebugCameraProperty: BooleanProperty [value: false]
21:35:44.710 [FXGL Background Thread 3 ] DEBUG Engine               - devSensorColorProperty: ObjectProperty [value: 0xffff00ff]
21:35:44.710 [FXGL Background Thread 3 ] DEBUG Engine               - devShowBBoxProperty: BooleanProperty [value: false]
21:35:44.710 [FXGL Background Thread 3 ] DEBUG Engine               - devShowPositionProperty: BooleanProperty [value: false]
21:35:44.710 [FXGL Background Thread 3 ] DEBUG Engine               - enabledMenuItems: []
21:35:44.710 [FXGL Background Thread 3 ] DEBUG Engine               - engineServices: [class com.almasb.fxgl.app.services.FXGLAssetLoaderService, class com.almasb.fxgl.app.FXGLApplication$GameApplicationService, class com.almasb.fxgl.app.services.FXGLDialogService, class com.almasb.fxgl.app.services.IOTaskExecutorService, class com.almasb.fxgl.io.FileSystemService, class com.almasb.fxgl.localization.LocalizationService, class com.almasb.fxgl.app.services.SystemBundleService, class com.almasb.fxgl.profile.SaveLoadService, class com.almasb.fxgl.ui.FXGLUIFactoryServiceProvider, class com.almasb.fxgl.ui.FXGLDialogFactoryServiceProvider, class com.almasb.fxgl.audio.AudioPlayer, class com.almasb.fxgl.notification.impl.NotificationServiceProvider, class com.almasb.fxgl.achievement.AchievementService, class com.almasb.fxgl.cutscene.CutsceneService, class com.almasb.fxgl.minigames.MiniGameService, class com.almasb.fxgl.net.NetService, class com.almasb.fxgl.app.services.UpdaterService, class com.almasb.fxgl.dev.DevService]
21:35:44.710 [FXGL Background Thread 3 ] DEBUG Engine               - fontGame: Abel-Regular.ttf
21:35:44.710 [FXGL Background Thread 3 ] DEBUG Engine               - fontMono: TerminalLandMono-Regular.otf
21:35:44.710 [FXGL Background Thread 3 ] DEBUG Engine               - fontText: Courier-Prime.ttf
21:35:44.710 [FXGL Background Thread 3 ] DEBUG Engine               - fontUI: VarelaRound-Regular.ttf
21:35:44.710 [FXGL Background Thread 3 ] DEBUG Engine               - fullScreen: BooleanProperty [value: false]
21:35:44.710 [FXGL Background Thread 3 ] DEBUG Engine               - gameDifficulty: MEDIUM
21:35:44.711 [FXGL Background Thread 3 ] DEBUG Engine               - gameDifficultyProperty: ObjectProperty [value: MEDIUM]
21:35:44.711 [FXGL Background Thread 3 ] DEBUG Engine               - globalMusicVolume: 0.5
21:35:44.711 [FXGL Background Thread 3 ] DEBUG Engine               - globalMusicVolumeProperty: DoubleProperty [value: 0.5]
21:35:44.711 [FXGL Background Thread 3 ] DEBUG Engine               - globalSoundVolume: 0.5
21:35:44.711 [FXGL Background Thread 3 ] DEBUG Engine               - globalSoundVolumeProperty: DoubleProperty [value: 0.5]
21:35:44.711 [FXGL Background Thread 3 ] DEBUG Engine               - height: 666
21:35:44.711 [FXGL Background Thread 3 ] DEBUG Engine               - is3D: false
21:35:44.711 [FXGL Background Thread 3 ] DEBUG Engine               - isAndroid: false
21:35:44.711 [FXGL Background Thread 3 ] DEBUG Engine               - isBrowser: false
21:35:44.711 [FXGL Background Thread 3 ] DEBUG Engine               - isClickFeedbackEnabled: false
21:35:44.712 [FXGL Background Thread 3 ] DEBUG Engine               - isCloseConfirmation: false
21:35:44.712 [FXGL Background Thread 3 ] DEBUG Engine               - isDesktop: true
21:35:44.712 [FXGL Background Thread 3 ] DEBUG Engine               - isDeveloperMenuEnabled: true
21:35:44.712 [FXGL Background Thread 3 ] DEBUG Engine               - isEmbedded: false
21:35:44.712 [FXGL Background Thread 3 ] DEBUG Engine               - isEntityPreloadEnabled: true
21:35:44.712 [FXGL Background Thread 3 ] DEBUG Engine               - isExperimentalTiledLargeMap: false
21:35:44.712 [FXGL Background Thread 3 ] DEBUG Engine               - isFileSystemWriteAllowed: true
21:35:44.712 [FXGL Background Thread 3 ] DEBUG Engine               - isFullScreenAllowed: false
21:35:44.713 [FXGL Background Thread 3 ] DEBUG Engine               - isFullScreenFromStart: false
21:35:44.713 [FXGL Background Thread 3 ] DEBUG Engine               - isGameMenuEnabled: true
21:35:44.713 [FXGL Background Thread 3 ] DEBUG Engine               - isIOS: false
21:35:44.713 [FXGL Background Thread 3 ] DEBUG Engine               - isIntroEnabled: false
21:35:44.713 [FXGL Background Thread 3 ] DEBUG Engine               - isLinux: false
21:35:44.713 [FXGL Background Thread 3 ] DEBUG Engine               - isMac: false
21:35:44.714 [FXGL Background Thread 3 ] DEBUG Engine               - isMainMenuEnabled: false
21:35:44.714 [FXGL Background Thread 3 ] DEBUG Engine               - isManualResizeEnabled: false
21:35:44.714 [FXGL Background Thread 3 ] DEBUG Engine               - isMobile: false
21:35:44.714 [FXGL Background Thread 3 ] DEBUG Engine               - isNative: false
21:35:44.715 [FXGL Background Thread 3 ] DEBUG Engine               - isPauseMusicWhenMinimized: true
21:35:44.715 [FXGL Background Thread 3 ] DEBUG Engine               - isPreserveResizeRatio: false
21:35:44.715 [FXGL Background Thread 3 ] DEBUG Engine               - isProfilingEnabled: false
21:35:44.715 [FXGL Background Thread 3 ] DEBUG Engine               - isScaleAffectedOnResize: true
21:35:44.716 [FXGL Background Thread 3 ] DEBUG Engine               - isSingleStep: false
21:35:44.716 [FXGL Background Thread 3 ] DEBUG Engine               - isUserProfileEnabled: false
21:35:44.716 [FXGL Background Thread 3 ] DEBUG Engine               - isWindows: true
21:35:44.716 [FXGL Background Thread 3 ] DEBUG Engine               - language: ObjectProperty [value: ENGLISH]
21:35:44.717 [FXGL Background Thread 3 ] DEBUG Engine               - menuKey: ESCAPE
21:35:44.717 [FXGL Background Thread 3 ] DEBUG Engine               - mouseSensitivity: 0.2
21:35:44.717 [FXGL Background Thread 3 ] DEBUG Engine               - notificationViewClass: class com.almasb.fxgl.notification.view.XboxNotificationView
21:35:44.717 [FXGL Background Thread 3 ] DEBUG Engine               - pixelsPerMeter: 50.0
21:35:44.718 [FXGL Background Thread 3 ] DEBUG Engine               - platform: WINDOWS
21:35:44.718 [FXGL Background Thread 3 ] DEBUG Engine               - prefHeightProperty: ReadOnlyDoubleProperty [value: 666.0]
21:35:44.718 [FXGL Background Thread 3 ] DEBUG Engine               - prefWidthProperty: ReadOnlyDoubleProperty [value: 1295.0]
21:35:44.718 [FXGL Background Thread 3 ] DEBUG Engine               - profileDir: profiles/
21:35:44.719 [FXGL Background Thread 3 ] DEBUG Engine               - profileName: StringProperty [value: DEFAULT]
21:35:44.719 [FXGL Background Thread 3 ] DEBUG Engine               - randomSeed: -1
21:35:44.720 [FXGL Background Thread 3 ] DEBUG Engine               - runtimeInfo: RuntimeInfo(platform=WINDOWS, version=17.2, build=20.08.2022 16.50)
21:35:44.720 [FXGL Background Thread 3 ] DEBUG Engine               - saveFileExt: sav
21:35:44.720 [FXGL Background Thread 3 ] DEBUG Engine               - scaledHeightProp$fxgl: DoubleProperty [bound, value: 666.0]
21:35:44.721 [FXGL Background Thread 3 ] DEBUG Engine               - scaledWidthProp$fxgl: DoubleProperty [bound, value: 1295.0]
21:35:44.721 [FXGL Background Thread 3 ] DEBUG Engine               - sceneFactory: com.almasb.fxgl.app.scene.SceneFactory@5d63988b
21:35:44.721 [FXGL Background Thread 3 ] DEBUG Engine               - secondsIn24h: 60
21:35:44.722 [FXGL Background Thread 3 ] DEBUG Engine               - soundMenuBack: menu/back.wav
21:35:44.722 [FXGL Background Thread 3 ] DEBUG Engine               - soundMenuPress: menu/press.wav
21:35:44.722 [FXGL Background Thread 3 ] DEBUG Engine               - soundMenuSelect: menu/select.wav
21:35:44.722 [FXGL Background Thread 3 ] DEBUG Engine               - soundNotification: core/notification.wav
21:35:44.723 [FXGL Background Thread 3 ] DEBUG Engine               - stageStyle: DECORATED
21:35:44.723 [FXGL Background Thread 3 ] DEBUG Engine               - supportedLanguages: [ENGLISH, FRENCH, GERMAN, HUNGARIAN, RUSSIAN]
21:35:44.723 [FXGL Background Thread 3 ] DEBUG Engine               - ticksPerSecond: -1
21:35:44.724 [FXGL Background Thread 3 ] DEBUG Engine               - title: SuperMaLi
21:35:44.724 [FXGL Background Thread 3 ] DEBUG Engine               - urlGithub: https://github.com/AlmasB/FXGL
21:35:44.724 [FXGL Background Thread 3 ] DEBUG Engine               - urlLeaderboard: http://fxgl-top.herokuapp.com/
21:35:44.724 [FXGL Background Thread 3 ] DEBUG Engine               - urlPOM: https://raw.githubusercontent.com/AlmasB/FXGL/release/README.md
21:35:44.724 [FXGL Background Thread 3 ] DEBUG Engine               - userAppClass: class xbss.SuperMaLiApp
21:35:44.725 [FXGL Background Thread 3 ] DEBUG Engine               - version: 0.1
21:35:44.725 [FXGL Background Thread 3 ] DEBUG Engine               - versionCheckDays: 7
21:35:44.725 [FXGL Background Thread 3 ] DEBUG Engine               - width: 1295
21:35:44.725 [FXGL Background Thread 3 ] DEBUG Engine               - Logging services
21:35:44.725 [FXGL Background Thread 3 ] DEBUG Engine               - class com.almasb.fxgl.app.services.FXGLAssetLoaderService
21:35:44.725 [FXGL Background Thread 3 ] DEBUG Engine               - class com.almasb.fxgl.app.FXGLApplication$GameApplicationService
21:35:44.726 [FXGL Background Thread 3 ] DEBUG Engine               - class com.almasb.fxgl.app.services.FXGLDialogService
21:35:44.726 [FXGL Background Thread 3 ] DEBUG Engine               - class com.almasb.fxgl.app.services.IOTaskExecutorService
21:35:44.726 [FXGL Background Thread 3 ] DEBUG Engine               - class com.almasb.fxgl.io.FileSystemService
21:35:44.726 [FXGL Background Thread 3 ] DEBUG Engine               - class com.almasb.fxgl.localization.LocalizationService
21:35:44.726 [FXGL Background Thread 3 ] DEBUG Engine               - class com.almasb.fxgl.app.services.SystemBundleService
21:35:44.727 [FXGL Background Thread 3 ] DEBUG Engine               - class com.almasb.fxgl.profile.SaveLoadService
21:35:44.727 [FXGL Background Thread 3 ] DEBUG Engine               - class com.almasb.fxgl.ui.FXGLUIFactoryServiceProvider
21:35:44.727 [FXGL Background Thread 3 ] DEBUG Engine               - class com.almasb.fxgl.ui.FXGLDialogFactoryServiceProvider
21:35:44.727 [FXGL Background Thread 3 ] DEBUG Engine               - class com.almasb.fxgl.audio.AudioPlayer
21:35:44.727 [FXGL Background Thread 3 ] DEBUG Engine               - class com.almasb.fxgl.notification.impl.NotificationServiceProvider
21:35:44.727 [FXGL Background Thread 3 ] DEBUG Engine               - class com.almasb.fxgl.achievement.AchievementService
21:35:44.727 [FXGL Background Thread 3 ] DEBUG Engine               - class com.almasb.fxgl.cutscene.CutsceneService
21:35:44.727 [FXGL Background Thread 3 ] DEBUG Engine               - class com.almasb.fxgl.minigames.MiniGameService
21:35:44.728 [FXGL Background Thread 3 ] DEBUG Engine               - class com.almasb.fxgl.net.NetService
21:35:44.728 [FXGL Background Thread 3 ] DEBUG Engine               - class com.almasb.fxgl.app.services.UpdaterService
21:35:44.728 [FXGL Background Thread 3 ] DEBUG Engine               - class com.almasb.fxgl.dev.DevService
21:35:46.106 [JavaFX Application Thread] DEBUG FXGLAssetLoaderServi - Loading from file system: file:/F:/WorkSpace/Java/IdeaUltimate/SuperMaLi/target/classes/assets/sounds/normalFire.wav
21:35:46.113 [JavaFX Application Thread] DEBUG FXGLAssetLoaderServi - Loading from file system: file:/F:/WorkSpace/Java/IdeaUltimate/SuperMaLi/target/classes/assets/textures/bullet.png
21:35:46.490 [JavaFX Application Thread] DEBUG FXGLAssetLoaderServi - Loading from file system: file:/F:/WorkSpace/Java/IdeaUltimate/SuperMaLi/target/classes/assets/textures/role/npc/fungus3.png
21:35:48.073 [JavaFX Application Thread] DEBUG FXGLAssetLoaderServi - Loading from file system: file:/F:/WorkSpace/Java/IdeaUltimate/SuperMaLi/target/classes/assets/sounds/normalBomb.wav
21:35:48.077 [JavaFX Application Thread] DEBUG FXGLAssetLoaderServi - Loading from file system: file:/F:/WorkSpace/Java/IdeaUltimate/SuperMaLi/target/classes/assets/textures/explode.png
21:35:48.243 [JavaFX Application Thread] DEBUG FXGLAssetLoaderServi - Loading from file system: file:/F:/WorkSpace/Java/IdeaUltimate/SuperMaLi/target/classes/assets/sounds/newjump.wav
21:35:48.376 [JavaFX Application Thread] DEBUG FXGLAssetLoaderServi - Loading from file system: file:/F:/WorkSpace/Java/IdeaUltimate/SuperMaLi/target/classes/assets/sounds/hit.wav
21:36:03.977 [JavaFX Application Thread] DEBUG FXGLAssetLoaderServi - Loading from file system: file:/F:/WorkSpace/Java/IdeaUltimate/SuperMaLi/target/classes/assets/sounds/die.wav
21:36:09.000 [JavaFX Application Thread] DEBUG FXGLAssetLoaderServi - Loading from file system: file:/F:/WorkSpace/Java/IdeaUltimate/SuperMaLi/target/classes/assets/sounds/coin.wav
21:36:09.024 [JavaFX Application Thread] DEBUG FXGLAssetLoaderServi - Loading from file system: file:/F:/WorkSpace/Java/IdeaUltimate/SuperMaLi/target/classes/assets/textures/map/nowhat.png
21:36:11.265 [JavaFX Application Thread] DEBUG FXGLAssetLoaderServi - Loading from file system: file:/F:/WorkSpace/Java/IdeaUltimate/SuperMaLi/target/classes/assets/textures/map/item/getbullet.png
21:36:22.233 [JavaFX Application Thread] DEBUG FXGLAssetLoaderServi - Loading from file system: file:/F:/WorkSpace/Java/IdeaUltimate/SuperMaLi/target/classes/assets/sounds/stampEnemy.wav
21:36:26.490 [JavaFX Application Thread] DEBUG FXGLApplication      - Exiting FXGL
21:36:26.490 [JavaFX Application Thread] DEBUG LoopRunner           - Stopping loop
21:36:26.491 [JavaFX Application Thread] DEBUG SystemBundleService  - Saving FXGL system data
21:36:26.492 [JavaFX Application Thread] DEBUG FileSystemAccess     - Writing to: F:\WorkSpace\Java\IdeaUltimate\SuperMaLi\system\fxgl.bundle
21:36:26.494 [JavaFX Application Thread] DEBUG Async                - Shutting down background threads
21:36:26.494 [JavaFX Application Thread] DEBUG PrimaryStageWindow   - Closing main window
21:36:26.503 [JavaFX Application Thread] DEBUG Logger               - Closing Logger
