21:59:03.798 [main                     ] DEBUG Logger               - Configured Logger
21:59:03.817 [main                     ] DEBUG GameApplication      - Logging settings
Title: SuperMaLi
Version: 0.1
Width: 1295
Height: 666
Fullscreen: false
Intro: false
Profiling: false
Single step:false
App Mode: DEVELOPER
Menu Key: ESCAPE
Stage Style: DECORATED
Scene Factory: class com.almasb.fxgl.app.scene.SceneFactory

21:59:04.060 [JavaFX Application Thread] DEBUG FXGLApplication      - Initializing FXGL
21:59:04.064 [JavaFX Application Thread] INFO  Engine               - FXGL-17.2 (20.08.2022 16.50) on WINDOWS (J:17.0.3.1 FX:18)
21:59:04.064 [JavaFX Application Thread] DEBUG Engine               - JRE Vendor Name: Oracle Corporation
21:59:04.064 [JavaFX Application Thread] DEBUG Engine               - Running on OS: Windows 10 version 10.0
21:59:04.065 [JavaFX Application Thread] DEBUG Engine               - Architecture: amd64
21:59:04.065 [JavaFX Application Thread] INFO  Engine               - Source code and latest versions at: https://github.com/AlmasB/FXGL
21:59:04.065 [JavaFX Application Thread] INFO  Engine               -       Ask questions and discuss at: https://github.com/AlmasB/FXGL/discussions
21:59:04.065 [JavaFX Application Thread] INFO  Engine               -              Join the FXGL chat at: https://gitter.im/AlmasB/FXGL
21:59:04.114 [JavaFX Application Thread] DEBUG PrimaryStageWindow   - Creating a JavaFX scene
21:59:04.140 [JavaFX Application Thread] DEBUG PrimaryStageWindow   - Target settings size: 1295.0 x 666.0
21:59:04.140 [JavaFX Application Thread] DEBUG PrimaryStageWindow   - Scaled scene size:    1295.0 x 666.0
21:59:04.140 [JavaFX Application Thread] DEBUG PrimaryStageWindow   - Scaled ratio: (1.0, 1.0)
21:59:04.141 [JavaFX Application Thread] DEBUG PrimaryStageWindow   - Set initial scene to FXGLStartupScene
21:59:04.145 [JavaFX Application Thread] DEBUG PrimaryStageWindow   - Opening main window
21:59:04.247 [JavaFX Application Thread] DEBUG PrimaryStageWindow   - Window border size: (16.0, 39.0)
21:59:04.247 [JavaFX Application Thread] DEBUG PrimaryStageWindow   - Scaled size: 1295.0 x 666.0
21:59:04.247 [JavaFX Application Thread] DEBUG PrimaryStageWindow   - Scaled ratio: (1.0, 1.0)
21:59:04.247 [JavaFX Application Thread] DEBUG PrimaryStageWindow   - Scene size: 1295.0 x 666.0
21:59:04.247 [JavaFX Application Thread] DEBUG PrimaryStageWindow   - Stage size: 1311.0 x 705.0
21:59:04.253 [FXGL Background Thread 1 ] DEBUG Engine               - Initializing environment variables
21:59:04.278 [FXGL Background Thread 1 ] DEBUG FXGLAssetLoaderServi - User app class for loading assets: class xbss.SuperMaLiApp
21:59:04.278 [FXGL Background Thread 1 ] DEBUG GameApplicationServi - Applying CSS: fxgl_dark.css
21:59:04.278 [FXGL Background Thread 1 ] DEBUG FXGLAssetLoaderServi - Loading from file system: jar:file:///F:/Environment/Maven/apache-maven-3.6.1-bin/apache-maven-3.6.1/mvn-resp/com/github/almasb/fxgl/17.2/fxgl-17.2.jar!/fxglassets/ui/css/fxgl_dark.css
21:59:04.302 [FXGL Background Thread 1 ] DEBUG GameApplicationServi - Initializing application scenes
21:59:04.338 [FXGL Background Thread 1 ] DEBUG GameWorld            - Game world initialized
21:59:04.376 [FXGL Background Thread 1 ] DEBUG PhysicsWorld         - Physics world initialized: appHeight=666, physics.ppm=50.0
21:59:04.377 [FXGL Background Thread 1 ] DEBUG PhysicsWorld         - Using strategy: BRUTE_FORCE
21:59:04.380 [FXGL Background Thread 1 ] DEBUG GameScene            - Game scene initialized: 1295x666
21:59:04.387 [FXGL Background Thread 1 ] DEBUG FXGL.DefaultMenu     - createMenuBodyGameMenu()
21:59:04.396 [FXGL Background Thread 1 ] DEBUG FXGL.DefaultMenu     - createOptionsMenu()
21:59:04.403 [FXGL Background Thread 1 ] DEBUG FXGLAssetLoaderServi - Loading from file system: jar:file:///F:/Environment/Maven/apache-maven-3.6.1-bin/apache-maven-3.6.1/mvn-resp/com/github/almasb/fxgl/17.2/fxgl-17.2.jar!/fxglassets/textures/particles/smoke.png
21:59:04.456 [FXGL Background Thread 1 ] DEBUG FXGLAssetLoaderServi - Loading from file system: jar:file:///F:/Environment/Maven/apache-maven-3.6.1-bin/apache-maven-3.6.1/mvn-resp/com/github/almasb/fxgl/17.2/fxgl-17.2.jar!/fxglassets/textures/particles/trace_horizontal.png
21:59:04.474 [FXGL Background Thread 1 ] DEBUG GameApplicationServi - Application scenes initialized
21:59:04.481 [FXGL Background Thread 1 ] DEBUG SystemBundleService  - Loading FXGL system data
21:59:04.485 [FXGL Background Thread 1 ] DEBUG FileSystemAccess     - Reading from: F:\WorkSpace\Java\IdeaUltimate\SuperMaLi\system\fxgl.bundle
21:59:04.489 [FXGL Background Thread 1 ] DEBUG SystemBundleService  - Bundle FXGL: {}
21:59:04.489 [FXGL Background Thread 1 ] DEBUG UpdaterService       - Checking for updates
21:59:04.504 [FXGL Background Thread 4 ] DEBUG FXGLApplication      - Loading fonts
21:59:04.505 [FXGL Background Thread 1 ] DEBUG FXGLApplication      - Loading default localization
21:59:04.505 [FXGL Background Thread 4 ] DEBUG FXGLAssetLoaderServi - Loading from file system: jar:file:///F:/Environment/Maven/apache-maven-3.6.1-bin/apache-maven-3.6.1/mvn-resp/com/github/almasb/fxgl/17.2/fxgl-17.2.jar!/fxglassets/ui/fonts/VarelaRound-Regular.ttf
21:59:04.505 [FXGL Background Thread 1 ] DEBUG FXGLAssetLoaderServi - Loading from file system: jar:file:///F:/Environment/Maven/apache-maven-3.6.1-bin/apache-maven-3.6.1/mvn-resp/com/github/almasb/fxgl/17.2/fxgl-17.2.jar!/fxglassets/languages/english.lang
21:59:04.517 [FXGL Background Thread 1 ] INFO  FXGLApplication      - FXGL initialization took: 0.263 sec
21:59:04.524 [JavaFX Application Thread] DEBUG Input                - Registered new binding: action0 - Space
21:59:04.524 [JavaFX Application Thread] DEBUG Input                - Registered new binding: Left - Left
21:59:04.525 [JavaFX Application Thread] DEBUG Input                - Registered new binding: Right - Right
21:59:04.525 [JavaFX Application Thread] DEBUG Input                - Registered new binding: Jump - Up
21:59:04.526 [JavaFX Application Thread] DEBUG FXGLAssetLoaderServi - Loading from file system: file:/F:/WorkSpace/Java/IdeaUltimate/SuperMaLi/target/classes/assets/music/bgmmusic.wav
21:59:04.545 [FXGL Background Thread 4 ] DEBUG FXGLAssetLoaderServi - Loading from file system: jar:file:///F:/Environment/Maven/apache-maven-3.6.1-bin/apache-maven-3.6.1/mvn-resp/com/github/almasb/fxgl/17.2/fxgl-17.2.jar!/fxglassets/ui/fonts/Abel-Regular.ttf
21:59:04.551 [FXGL Background Thread 4 ] DEBUG FXGLAssetLoaderServi - Loading from file system: jar:file:///F:/Environment/Maven/apache-maven-3.6.1-bin/apache-maven-3.6.1/mvn-resp/com/github/almasb/fxgl/17.2/fxgl-17.2.jar!/fxglassets/ui/fonts/TerminalLandMono-Regular.otf
21:59:04.559 [FXGL Background Thread 4 ] DEBUG FXGLAssetLoaderServi - Loading from file system: jar:file:///F:/Environment/Maven/apache-maven-3.6.1-bin/apache-maven-3.6.1/mvn-resp/com/github/almasb/fxgl/17.2/fxgl-17.2.jar!/fxglassets/ui/fonts/Courier-Prime.ttf
21:59:04.623 [JavaFX Application Thread] DEBUG AudioPlayer          - Playing music com.almasb.fxgl.audio.Music@10940984
21:59:04.624 [JavaFX Application Thread] DEBUG FXGLAssetLoaderServi - Loading from file system: jar:file:///F:/Environment/Maven/apache-maven-3.6.1-bin/apache-maven-3.6.1/mvn-resp/com/github/almasb/fxgl/17.2/fxgl-17.2.jar!/fxglassets/textures/fxgl_icon.png
21:59:04.634 [JavaFX Application Thread] DEBUG FXGLAssetLoaderServi - Loading from file system: jar:file:///F:/Environment/Maven/apache-maven-3.6.1-bin/apache-maven-3.6.1/mvn-resp/com/github/almasb/fxgl/17.2/fxgl-17.2.jar!/fxglassets/textures/fxgl_default_cursor.png
21:59:04.635 [JavaFX Application Thread] DEBUG Input                - Registered new binding: Screenshot - CTRL+8
21:59:04.636 [JavaFX Application Thread] DEBUG Input                - Registered new binding: Dev Options - 1
21:59:04.636 [JavaFX Application Thread] DEBUG Input                - Registered new binding: Dev Console - 2
21:59:04.636 [JavaFX Application Thread] DEBUG Input                - Registered new binding: System info dump - CTRL+9
21:59:04.636 [JavaFX Application Thread] DEBUG Input                - Registered new binding: Restart - CTRL+R
21:59:04.637 [JavaFX Application Thread] DEBUG Input                - Registered new binding: Toggle Debug Camera - CTRL+7
21:59:04.638 [JavaFX Application Thread] DEBUG LoopRunner           - Starting loop
21:59:04.647 [JavaFX Application Thread] DEBUG LoopRunner           - Initializing JavaFX AnimationTimerLoop
21:59:04.647 [JavaFX Application Thread] DEBUG GameApplicationServi - Starting new game
21:59:04.648 [JavaFX Application Thread] DEBUG Input                - Clearing active input actions
21:59:04.660 [JavaFX Application Thread] DEBUG GameApplicationServi - Removing overlay from FXGLStartupScene and adding to FXGLLoadingScene
21:59:04.662 [JavaFX Application Thread] DEBUG PrimaryStageWindow   - FXGLStartupScene -> FXGLLoadingScene
21:59:04.662 [JavaFX Application Thread] DEBUG GameApplicationServi - Clearing previous game
21:59:04.662 [JavaFX Application Thread] DEBUG GameScene            - Clearing game scene
21:59:04.662 [JavaFX Application Thread] DEBUG GameWorld            - Clearing game world
21:59:04.662 [JavaFX Application Thread] DEBUG PhysicsWorld         - Clearing physics world
21:59:04.663 [FXGL Background Thread 4 ] DEBUG FXGLApplication      - Initializing game
21:59:04.684 [FXGL Background Thread 4 ] WARN  TMXLevelLoader       - TiledMap generated from 1.8.4. Supported version: 1.9.0. Some features may not be parsed fully.
21:59:04.696 [FXGL Background Thread 4 ] DEBUG TMXLevelLoader       - Parsed TiledMap: file:/F:/WorkSpace/Java/IdeaUltimate/SuperMaLi/target/classes/assets/levels/one.tmx
21:59:04.697 [FXGL Background Thread 4 ] DEBUG TMXLevelLoader       - Creating tile layer entities
21:59:04.698 [FXGL Background Thread 4 ] DEBUG TilesetLoader        - Loading view for layer 图块层 1
21:59:04.701 [FXGL Background Thread 4 ] DEBUG TilesetLoader        - Created buffer with size 3700.0x666.0
21:59:04.708 [FXGL Background Thread 4 ] DEBUG TMXLevelLoader       - Creating object layer entities
21:59:04.728 [FXGL Background Thread 4 ] DEBUG FXGLAssetLoaderServi - Loading from file system: file:/F:/WorkSpace/Java/IdeaUltimate/SuperMaLi/target/classes/assets/textures/role/npc/fungus1.png
21:59:04.729 [FXGL Background Thread 4 ] DEBUG FXGLAssetLoaderServi - Loading from file system: file:/F:/WorkSpace/Java/IdeaUltimate/SuperMaLi/target/classes/assets/textures/role/npc/fungus2.png
21:59:04.739 [FXGL Background Thread 4 ] DEBUG FXGLAssetLoaderServi - Loading from file system: file:/F:/WorkSpace/Java/IdeaUltimate/SuperMaLi/target/classes/assets/textures/map/sea_anim.png
21:59:04.756 [FXGL Background Thread 4 ] DEBUG FXGLAssetLoaderServi - Loading from file system: file:/F:/WorkSpace/Java/IdeaUltimate/SuperMaLi/target/classes/assets/textures/role/npc/flower1.png
21:59:04.757 [FXGL Background Thread 4 ] DEBUG FXGLAssetLoaderServi - Loading from file system: file:/F:/WorkSpace/Java/IdeaUltimate/SuperMaLi/target/classes/assets/textures/role/npc/flower2.png
21:59:04.760 [FXGL Background Thread 4 ] DEBUG GameWorld            - Clearing removable entities
21:59:04.760 [FXGL Background Thread 4 ] DEBUG GameWorld            - Setting level: com.almasb.fxgl.entity.level.Level@411feb3
21:59:04.771 [FXGL Background Thread 4 ] DEBUG FXGLAssetLoaderServi - Loading from file system: file:/F:/WorkSpace/Java/IdeaUltimate/SuperMaLi/target/classes/assets/textures/role/stand_R.png
21:59:04.771 [FXGL Background Thread 4 ] DEBUG FXGLAssetLoaderServi - Loading from file system: file:/F:/WorkSpace/Java/IdeaUltimate/SuperMaLi/target/classes/assets/textures/role/run_R.png
21:59:04.772 [FXGL Background Thread 4 ] DEBUG FXGLAssetLoaderServi - Loading from file system: file:/F:/WorkSpace/Java/IdeaUltimate/SuperMaLi/target/classes/assets/textures/role/jump.png
21:59:04.774 [FXGL Background Thread 4 ] DEBUG FXGLAssetLoaderServi - Loading from file system: file:/F:/WorkSpace/Java/IdeaUltimate/SuperMaLi/target/classes/assets/textures/map/img.png
21:59:04.783 [FXGL Background Thread 4 ] INFO  FXGLApplication      - Game initialization took: 0.120 sec
21:59:04.800 [JavaFX Application Thread] DEBUG Input                - Clearing active input actions
21:59:04.807 [JavaFX Application Thread] DEBUG GameApplicationServi - Removing overlay from FXGLLoadingScene and adding to GameScene
21:59:04.810 [JavaFX Application Thread] DEBUG PrimaryStageWindow   - FXGLLoadingScene -> GameScene
21:59:07.031 [JavaFX Application Thread] DEBUG FXGLAssetLoaderServi - Loading from file system: file:/F:/WorkSpace/Java/IdeaUltimate/SuperMaLi/target/classes/assets/sounds/normalFire.wav
21:59:07.035 [JavaFX Application Thread] DEBUG FXGLAssetLoaderServi - Loading from file system: file:/F:/WorkSpace/Java/IdeaUltimate/SuperMaLi/target/classes/assets/textures/bullet.png
21:59:07.503 [FXGL Background Thread 3 ] DEBUG Engine               - Logging environment variables
21:59:07.503 [FXGL Background Thread 3 ] DEBUG Engine               - achievements: []
21:59:07.503 [FXGL Background Thread 3 ] DEBUG Engine               - actualHeight: 666.0
21:59:07.503 [FXGL Background Thread 3 ] DEBUG Engine               - actualHeightProperty: ReadOnlyDoubleProperty [value: 666.0]
21:59:07.504 [FXGL Background Thread 3 ] DEBUG Engine               - actualWidth: 1295.0
21:59:07.504 [FXGL Background Thread 3 ] DEBUG Engine               - actualWidthProperty: ReadOnlyDoubleProperty [value: 1295.0]
21:59:07.504 [FXGL Background Thread 3 ] DEBUG Engine               - appIcon: fxgl_icon.png
21:59:07.504 [FXGL Background Thread 3 ] DEBUG Engine               - applicationMode: DEVELOPER
21:59:07.504 [FXGL Background Thread 3 ] DEBUG Engine               - cSSList: [fxgl_dark.css]
21:59:07.504 [FXGL Background Thread 3 ] DEBUG Engine               - collisionDetectionStrategy: BRUTE_FORCE
21:59:07.504 [FXGL Background Thread 3 ] DEBUG Engine               - configClass: Optional.empty
21:59:07.504 [FXGL Background Thread 3 ] DEBUG Engine               - credits: []
21:59:07.504 [FXGL Background Thread 3 ] DEBUG Engine               - defaultCursor: CursorInfo(imageName=fxgl_default_cursor.png, hotspotX=7.0, hotspotY=6.0)
21:59:07.504 [FXGL Background Thread 3 ] DEBUG Engine               - devBBoxColorProperty: ObjectProperty [value: 0xff0000ff]
21:59:07.504 [FXGL Background Thread 3 ] DEBUG Engine               - devEnableDebugCameraProperty: BooleanProperty [value: false]
21:59:07.505 [FXGL Background Thread 3 ] DEBUG Engine               - devSensorColorProperty: ObjectProperty [value: 0xffff00ff]
21:59:07.505 [FXGL Background Thread 3 ] DEBUG Engine               - devShowBBoxProperty: BooleanProperty [value: false]
21:59:07.505 [FXGL Background Thread 3 ] DEBUG Engine               - devShowPositionProperty: BooleanProperty [value: false]
21:59:07.505 [FXGL Background Thread 3 ] DEBUG Engine               - enabledMenuItems: []
21:59:07.505 [FXGL Background Thread 3 ] DEBUG Engine               - engineServices: [class com.almasb.fxgl.app.services.FXGLAssetLoaderService, class com.almasb.fxgl.app.FXGLApplication$GameApplicationService, class com.almasb.fxgl.app.services.FXGLDialogService, class com.almasb.fxgl.app.services.IOTaskExecutorService, class com.almasb.fxgl.io.FileSystemService, class com.almasb.fxgl.localization.LocalizationService, class com.almasb.fxgl.app.services.SystemBundleService, class com.almasb.fxgl.profile.SaveLoadService, class com.almasb.fxgl.ui.FXGLUIFactoryServiceProvider, class com.almasb.fxgl.ui.FXGLDialogFactoryServiceProvider, class com.almasb.fxgl.audio.AudioPlayer, class com.almasb.fxgl.notification.impl.NotificationServiceProvider, class com.almasb.fxgl.achievement.AchievementService, class com.almasb.fxgl.cutscene.CutsceneService, class com.almasb.fxgl.minigames.MiniGameService, class com.almasb.fxgl.net.NetService, class com.almasb.fxgl.app.services.UpdaterService, class com.almasb.fxgl.dev.DevService]
21:59:07.505 [FXGL Background Thread 3 ] DEBUG Engine               - fontGame: Abel-Regular.ttf
21:59:07.505 [FXGL Background Thread 3 ] DEBUG Engine               - fontMono: TerminalLandMono-Regular.otf
21:59:07.505 [FXGL Background Thread 3 ] DEBUG Engine               - fontText: Courier-Prime.ttf
21:59:07.505 [FXGL Background Thread 3 ] DEBUG Engine               - fontUI: VarelaRound-Regular.ttf
21:59:07.505 [FXGL Background Thread 3 ] DEBUG Engine               - fullScreen: BooleanProperty [value: false]
21:59:07.505 [FXGL Background Thread 3 ] DEBUG Engine               - gameDifficulty: MEDIUM
21:59:07.505 [FXGL Background Thread 3 ] DEBUG Engine               - gameDifficultyProperty: ObjectProperty [value: MEDIUM]
21:59:07.505 [FXGL Background Thread 3 ] DEBUG Engine               - globalMusicVolume: 0.5
21:59:07.505 [FXGL Background Thread 3 ] DEBUG Engine               - globalMusicVolumeProperty: DoubleProperty [value: 0.5]
21:59:07.506 [FXGL Background Thread 3 ] DEBUG Engine               - globalSoundVolume: 0.5
21:59:07.506 [FXGL Background Thread 3 ] DEBUG Engine               - globalSoundVolumeProperty: DoubleProperty [value: 0.5]
21:59:07.506 [FXGL Background Thread 3 ] DEBUG Engine               - height: 666
21:59:07.506 [FXGL Background Thread 3 ] DEBUG Engine               - is3D: false
21:59:07.506 [FXGL Background Thread 3 ] DEBUG Engine               - isAndroid: false
21:59:07.506 [FXGL Background Thread 3 ] DEBUG Engine               - isBrowser: false
21:59:07.506 [FXGL Background Thread 3 ] DEBUG Engine               - isClickFeedbackEnabled: false
21:59:07.506 [FXGL Background Thread 3 ] DEBUG Engine               - isCloseConfirmation: false
21:59:07.506 [FXGL Background Thread 3 ] DEBUG Engine               - isDesktop: true
21:59:07.506 [FXGL Background Thread 3 ] DEBUG Engine               - isDeveloperMenuEnabled: true
21:59:07.506 [FXGL Background Thread 3 ] DEBUG Engine               - isEmbedded: false
21:59:07.506 [FXGL Background Thread 3 ] DEBUG Engine               - isEntityPreloadEnabled: true
21:59:07.506 [FXGL Background Thread 3 ] DEBUG Engine               - isExperimentalTiledLargeMap: false
21:59:07.506 [FXGL Background Thread 3 ] DEBUG Engine               - isFileSystemWriteAllowed: true
21:59:07.506 [FXGL Background Thread 3 ] DEBUG Engine               - isFullScreenAllowed: false
21:59:07.506 [FXGL Background Thread 3 ] DEBUG Engine               - isFullScreenFromStart: false
21:59:07.507 [FXGL Background Thread 3 ] DEBUG Engine               - isGameMenuEnabled: true
21:59:07.507 [FXGL Background Thread 3 ] DEBUG Engine               - isIOS: false
21:59:07.507 [FXGL Background Thread 3 ] DEBUG Engine               - isIntroEnabled: false
21:59:07.507 [FXGL Background Thread 3 ] DEBUG Engine               - isLinux: false
21:59:07.507 [FXGL Background Thread 3 ] DEBUG Engine               - isMac: false
21:59:07.507 [FXGL Background Thread 3 ] DEBUG Engine               - isMainMenuEnabled: false
21:59:07.507 [FXGL Background Thread 3 ] DEBUG Engine               - isManualResizeEnabled: false
21:59:07.507 [FXGL Background Thread 3 ] DEBUG Engine               - isMobile: false
21:59:07.507 [FXGL Background Thread 3 ] DEBUG Engine               - isNative: false
21:59:07.507 [FXGL Background Thread 3 ] DEBUG Engine               - isPauseMusicWhenMinimized: true
21:59:07.507 [FXGL Background Thread 3 ] DEBUG Engine               - isPreserveResizeRatio: false
21:59:07.508 [FXGL Background Thread 3 ] DEBUG Engine               - isProfilingEnabled: false
21:59:07.508 [FXGL Background Thread 3 ] DEBUG Engine               - isScaleAffectedOnResize: true
21:59:07.508 [FXGL Background Thread 3 ] DEBUG Engine               - isSingleStep: false
21:59:07.508 [FXGL Background Thread 3 ] DEBUG Engine               - isUserProfileEnabled: false
21:59:07.508 [FXGL Background Thread 3 ] DEBUG Engine               - isWindows: true
21:59:07.508 [FXGL Background Thread 3 ] DEBUG Engine               - language: ObjectProperty [value: ENGLISH]
21:59:07.508 [FXGL Background Thread 3 ] DEBUG Engine               - menuKey: ESCAPE
21:59:07.508 [FXGL Background Thread 3 ] DEBUG Engine               - mouseSensitivity: 0.2
21:59:07.508 [FXGL Background Thread 3 ] DEBUG Engine               - notificationViewClass: class com.almasb.fxgl.notification.view.XboxNotificationView
21:59:07.508 [FXGL Background Thread 3 ] DEBUG Engine               - pixelsPerMeter: 50.0
21:59:07.509 [FXGL Background Thread 3 ] DEBUG Engine               - platform: WINDOWS
21:59:07.509 [FXGL Background Thread 3 ] DEBUG Engine               - prefHeightProperty: ReadOnlyDoubleProperty [value: 666.0]
21:59:07.509 [FXGL Background Thread 3 ] DEBUG Engine               - prefWidthProperty: ReadOnlyDoubleProperty [value: 1295.0]
21:59:07.509 [FXGL Background Thread 3 ] DEBUG Engine               - profileDir: profiles/
21:59:07.510 [FXGL Background Thread 3 ] DEBUG Engine               - profileName: StringProperty [value: DEFAULT]
21:59:07.510 [FXGL Background Thread 3 ] DEBUG Engine               - randomSeed: -1
21:59:07.510 [FXGL Background Thread 3 ] DEBUG Engine               - runtimeInfo: RuntimeInfo(platform=WINDOWS, version=17.2, build=20.08.2022 16.50)
21:59:07.510 [FXGL Background Thread 3 ] DEBUG Engine               - saveFileExt: sav
21:59:07.510 [FXGL Background Thread 3 ] DEBUG Engine               - scaledHeightProp$fxgl: DoubleProperty [bound, value: 666.0]
21:59:07.510 [FXGL Background Thread 3 ] DEBUG Engine               - scaledWidthProp$fxgl: DoubleProperty [bound, value: 1295.0]
21:59:07.511 [FXGL Background Thread 3 ] DEBUG Engine               - sceneFactory: com.almasb.fxgl.app.scene.SceneFactory@1e8d1db9
21:59:07.511 [FXGL Background Thread 3 ] DEBUG Engine               - secondsIn24h: 60
21:59:07.511 [FXGL Background Thread 3 ] DEBUG Engine               - soundMenuBack: menu/back.wav
21:59:07.511 [FXGL Background Thread 3 ] DEBUG Engine               - soundMenuPress: menu/press.wav
21:59:07.511 [FXGL Background Thread 3 ] DEBUG Engine               - soundMenuSelect: menu/select.wav
21:59:07.511 [FXGL Background Thread 3 ] DEBUG Engine               - soundNotification: core/notification.wav
21:59:07.511 [FXGL Background Thread 3 ] DEBUG Engine               - stageStyle: DECORATED
21:59:07.511 [FXGL Background Thread 3 ] DEBUG Engine               - supportedLanguages: [ENGLISH, FRENCH, GERMAN, HUNGARIAN, RUSSIAN]
21:59:07.511 [FXGL Background Thread 3 ] DEBUG Engine               - ticksPerSecond: -1
21:59:07.511 [FXGL Background Thread 3 ] DEBUG Engine               - title: SuperMaLi
21:59:07.512 [FXGL Background Thread 3 ] DEBUG Engine               - urlGithub: https://github.com/AlmasB/FXGL
21:59:07.512 [FXGL Background Thread 3 ] DEBUG Engine               - urlLeaderboard: http://fxgl-top.herokuapp.com/
21:59:07.512 [FXGL Background Thread 3 ] DEBUG Engine               - urlPOM: https://raw.githubusercontent.com/AlmasB/FXGL/release/README.md
21:59:07.512 [FXGL Background Thread 3 ] DEBUG Engine               - userAppClass: class xbss.SuperMaLiApp
21:59:07.512 [FXGL Background Thread 3 ] DEBUG Engine               - version: 0.1
21:59:07.512 [FXGL Background Thread 3 ] DEBUG Engine               - versionCheckDays: 7
21:59:07.512 [FXGL Background Thread 3 ] DEBUG Engine               - width: 1295
21:59:07.512 [FXGL Background Thread 3 ] DEBUG Engine               - Logging services
21:59:07.513 [FXGL Background Thread 3 ] DEBUG Engine               - class com.almasb.fxgl.app.services.FXGLAssetLoaderService
21:59:07.513 [FXGL Background Thread 3 ] DEBUG Engine               - class com.almasb.fxgl.app.FXGLApplication$GameApplicationService
21:59:07.513 [FXGL Background Thread 3 ] DEBUG Engine               - class com.almasb.fxgl.app.services.FXGLDialogService
21:59:07.513 [FXGL Background Thread 3 ] DEBUG Engine               - class com.almasb.fxgl.app.services.IOTaskExecutorService
21:59:07.513 [FXGL Background Thread 3 ] DEBUG Engine               - class com.almasb.fxgl.io.FileSystemService
21:59:07.513 [FXGL Background Thread 3 ] DEBUG Engine               - class com.almasb.fxgl.localization.LocalizationService
21:59:07.513 [FXGL Background Thread 3 ] DEBUG Engine               - class com.almasb.fxgl.app.services.SystemBundleService
21:59:07.513 [FXGL Background Thread 3 ] DEBUG Engine               - class com.almasb.fxgl.profile.SaveLoadService
21:59:07.513 [FXGL Background Thread 3 ] DEBUG Engine               - class com.almasb.fxgl.ui.FXGLUIFactoryServiceProvider
21:59:07.513 [FXGL Background Thread 3 ] DEBUG Engine               - class com.almasb.fxgl.ui.FXGLDialogFactoryServiceProvider
21:59:07.513 [FXGL Background Thread 3 ] DEBUG Engine               - class com.almasb.fxgl.audio.AudioPlayer
21:59:07.513 [FXGL Background Thread 3 ] DEBUG Engine               - class com.almasb.fxgl.notification.impl.NotificationServiceProvider
21:59:07.514 [FXGL Background Thread 3 ] DEBUG Engine               - class com.almasb.fxgl.achievement.AchievementService
21:59:07.514 [FXGL Background Thread 3 ] DEBUG Engine               - class com.almasb.fxgl.cutscene.CutsceneService
21:59:07.514 [FXGL Background Thread 3 ] DEBUG Engine               - class com.almasb.fxgl.minigames.MiniGameService
21:59:07.514 [FXGL Background Thread 3 ] DEBUG Engine               - class com.almasb.fxgl.net.NetService
21:59:07.514 [FXGL Background Thread 3 ] DEBUG Engine               - class com.almasb.fxgl.app.services.UpdaterService
21:59:07.514 [FXGL Background Thread 3 ] DEBUG Engine               - class com.almasb.fxgl.dev.DevService
21:59:07.640 [JavaFX Application Thread] DEBUG FXGLAssetLoaderServi - Loading from file system: file:/F:/WorkSpace/Java/IdeaUltimate/SuperMaLi/target/classes/assets/textures/role/npc/fungus3.png
21:59:11.671 [JavaFX Application Thread] DEBUG FXGLAssetLoaderServi - Loading from file system: file:/F:/WorkSpace/Java/IdeaUltimate/SuperMaLi/target/classes/assets/sounds/newjump.wav
21:59:11.814 [JavaFX Application Thread] DEBUG FXGLAssetLoaderServi - Loading from file system: file:/F:/WorkSpace/Java/IdeaUltimate/SuperMaLi/target/classes/assets/sounds/coin.wav
21:59:11.816 [JavaFX Application Thread] DEBUG FXGLAssetLoaderServi - Loading from file system: file:/F:/WorkSpace/Java/IdeaUltimate/SuperMaLi/target/classes/assets/textures/map/nowhat.png
21:59:11.817 [JavaFX Application Thread] DEBUG FXGLAssetLoaderServi - Loading from file system: file:/F:/WorkSpace/Java/IdeaUltimate/SuperMaLi/target/classes/assets/sounds/hit.wav
21:59:13.014 [JavaFX Application Thread] DEBUG FXGLAssetLoaderServi - Loading from file system: file:/F:/WorkSpace/Java/IdeaUltimate/SuperMaLi/target/classes/assets/sounds/normalBomb.wav
21:59:13.015 [JavaFX Application Thread] DEBUG FXGLAssetLoaderServi - Loading from file system: file:/F:/WorkSpace/Java/IdeaUltimate/SuperMaLi/target/classes/assets/textures/explode.png
21:59:22.150 [JavaFX Application Thread] DEBUG FXGLAssetLoaderServi - Loading from file system: file:/F:/WorkSpace/Java/IdeaUltimate/SuperMaLi/target/classes/assets/sounds/stampEnemy.wav
21:59:25.030 [JavaFX Application Thread] DEBUG FXGLAssetLoaderServi - Loading from file system: file:/F:/WorkSpace/Java/IdeaUltimate/SuperMaLi/target/classes/assets/sounds/die.wav
21:59:31.415 [JavaFX Application Thread] DEBUG FXGLAssetLoaderServi - Loading from file system: file:/F:/WorkSpace/Java/IdeaUltimate/SuperMaLi/target/classes/assets/textures/map/item/getbullet.png
21:59:35.574 [JavaFX Application Thread] DEBUG FXGLAssetLoaderServi - Loading from file system: file:/F:/WorkSpace/Java/IdeaUltimate/SuperMaLi/target/classes/assets/textures/map/item/mushroom.png
21:59:38.892 [JavaFX Application Thread] DEBUG FXGLApplication      - Exiting FXGL
21:59:38.892 [JavaFX Application Thread] DEBUG LoopRunner           - Stopping loop
21:59:38.892 [JavaFX Application Thread] DEBUG SystemBundleService  - Saving FXGL system data
21:59:38.894 [JavaFX Application Thread] DEBUG FileSystemAccess     - Writing to: F:\WorkSpace\Java\IdeaUltimate\SuperMaLi\system\fxgl.bundle
21:59:38.895 [JavaFX Application Thread] DEBUG Async                - Shutting down background threads
21:59:38.895 [JavaFX Application Thread] DEBUG PrimaryStageWindow   - Closing main window
21:59:38.902 [JavaFX Application Thread] DEBUG Logger               - Closing Logger
