21:29:41.490 [main                     ] DEBUG Logger               - Configured Logger
21:29:41.510 [main                     ] DEBUG GameApplication      - Logging settings
Title: SuperMaLi
Version: 0.1
Width: 1295
Height: 666
Fullscreen: false
Intro: false
Profiling: false
Single step:false
App Mode: DEVELOPER
Menu Key: ESCAPE
Stage Style: DECORATED
Scene Factory: class com.almasb.fxgl.app.scene.SceneFactory

21:29:41.741 [JavaFX Application Thread] DEBUG FXGLApplication      - Initializing FXGL
21:29:41.744 [JavaFX Application Thread] INFO  Engine               - FXGL-17.2 (20.08.2022 16.50) on WINDOWS (J:17.0.3.1 FX:18)
21:29:41.744 [JavaFX Application Thread] DEBUG Engine               - JRE Vendor Name: Oracle Corporation
21:29:41.745 [JavaFX Application Thread] DEBUG Engine               - Running on OS: Windows 10 version 10.0
21:29:41.745 [JavaFX Application Thread] DEBUG Engine               - Architecture: amd64
21:29:41.745 [JavaFX Application Thread] INFO  Engine               - Source code and latest versions at: https://github.com/AlmasB/FXGL
21:29:41.745 [JavaFX Application Thread] INFO  Engine               -       Ask questions and discuss at: https://github.com/AlmasB/FXGL/discussions
21:29:41.745 [JavaFX Application Thread] INFO  Engine               -              Join the FXGL chat at: https://gitter.im/AlmasB/FXGL
21:29:41.793 [JavaFX Application Thread] DEBUG PrimaryStageWindow   - Creating a JavaFX scene
21:29:41.816 [JavaFX Application Thread] DEBUG PrimaryStageWindow   - Target settings size: 1295.0 x 666.0
21:29:41.816 [JavaFX Application Thread] DEBUG PrimaryStageWindow   - Scaled scene size:    1295.0 x 666.0
21:29:41.816 [JavaFX Application Thread] DEBUG PrimaryStageWindow   - Scaled ratio: (1.0, 1.0)
21:29:41.817 [JavaFX Application Thread] DEBUG PrimaryStageWindow   - Set initial scene to FXGLStartupScene
21:29:41.821 [JavaFX Application Thread] DEBUG PrimaryStageWindow   - Opening main window
21:29:41.921 [JavaFX Application Thread] DEBUG PrimaryStageWindow   - Window border size: (16.0, 39.0)
21:29:41.921 [JavaFX Application Thread] DEBUG PrimaryStageWindow   - Scaled size: 1295.0 x 666.0
21:29:41.921 [JavaFX Application Thread] DEBUG PrimaryStageWindow   - Scaled ratio: (1.0, 1.0)
21:29:41.921 [JavaFX Application Thread] DEBUG PrimaryStageWindow   - Scene size: 1295.0 x 666.0
21:29:41.921 [JavaFX Application Thread] DEBUG PrimaryStageWindow   - Stage size: 1311.0 x 705.0
21:29:41.927 [FXGL Background Thread 1 ] DEBUG Engine               - Initializing environment variables
21:29:41.948 [FXGL Background Thread 1 ] DEBUG FXGLAssetLoaderServi - User app class for loading assets: class xbss.SuperMaLiApp
21:29:41.948 [FXGL Background Thread 1 ] DEBUG GameApplicationServi - Applying CSS: fxgl_dark.css
21:29:41.949 [FXGL Background Thread 1 ] DEBUG FXGLAssetLoaderServi - Loading from file system: jar:file:///F:/Environment/Maven/apache-maven-3.6.1-bin/apache-maven-3.6.1/mvn-resp/com/github/almasb/fxgl/17.2/fxgl-17.2.jar!/fxglassets/ui/css/fxgl_dark.css
21:29:41.974 [FXGL Background Thread 1 ] DEBUG GameApplicationServi - Initializing application scenes
21:29:42.009 [FXGL Background Thread 1 ] DEBUG GameWorld            - Game world initialized
21:29:42.047 [FXGL Background Thread 1 ] DEBUG PhysicsWorld         - Physics world initialized: appHeight=666, physics.ppm=50.0
21:29:42.047 [FXGL Background Thread 1 ] DEBUG PhysicsWorld         - Using strategy: BRUTE_FORCE
21:29:42.050 [FXGL Background Thread 1 ] DEBUG GameScene            - Game scene initialized: 1295x666
21:29:42.059 [FXGL Background Thread 1 ] DEBUG FXGL.DefaultMenu     - createMenuBodyGameMenu()
21:29:42.070 [FXGL Background Thread 1 ] DEBUG FXGL.DefaultMenu     - createOptionsMenu()
21:29:42.078 [FXGL Background Thread 1 ] DEBUG FXGLAssetLoaderServi - Loading from file system: jar:file:///F:/Environment/Maven/apache-maven-3.6.1-bin/apache-maven-3.6.1/mvn-resp/com/github/almasb/fxgl/17.2/fxgl-17.2.jar!/fxglassets/textures/particles/smoke.png
21:29:42.126 [FXGL Background Thread 1 ] DEBUG FXGLAssetLoaderServi - Loading from file system: jar:file:///F:/Environment/Maven/apache-maven-3.6.1-bin/apache-maven-3.6.1/mvn-resp/com/github/almasb/fxgl/17.2/fxgl-17.2.jar!/fxglassets/textures/particles/trace_horizontal.png
21:29:42.141 [FXGL Background Thread 1 ] DEBUG GameApplicationServi - Application scenes initialized
21:29:42.149 [FXGL Background Thread 1 ] DEBUG SystemBundleService  - Loading FXGL system data
21:29:42.151 [FXGL Background Thread 1 ] DEBUG FileSystemAccess     - Reading from: F:\WorkSpace\Java\IdeaUltimate\SuperMaLi\system\fxgl.bundle
21:29:42.155 [FXGL Background Thread 1 ] DEBUG SystemBundleService  - Bundle FXGL: {}
21:29:42.155 [FXGL Background Thread 1 ] DEBUG UpdaterService       - Checking for updates
21:29:42.168 [FXGL Background Thread 4 ] DEBUG FXGLApplication      - Loading fonts
21:29:42.168 [FXGL Background Thread 1 ] DEBUG FXGLApplication      - Loading default localization
21:29:42.168 [FXGL Background Thread 4 ] DEBUG FXGLAssetLoaderServi - Loading from file system: jar:file:///F:/Environment/Maven/apache-maven-3.6.1-bin/apache-maven-3.6.1/mvn-resp/com/github/almasb/fxgl/17.2/fxgl-17.2.jar!/fxglassets/ui/fonts/VarelaRound-Regular.ttf
21:29:42.169 [FXGL Background Thread 1 ] DEBUG FXGLAssetLoaderServi - Loading from file system: jar:file:///F:/Environment/Maven/apache-maven-3.6.1-bin/apache-maven-3.6.1/mvn-resp/com/github/almasb/fxgl/17.2/fxgl-17.2.jar!/fxglassets/languages/english.lang
21:29:42.182 [FXGL Background Thread 1 ] INFO  FXGLApplication      - FXGL initialization took: 0.254 sec
21:29:42.189 [JavaFX Application Thread] DEBUG Input                - Registered new binding: action0 - Space
21:29:42.189 [JavaFX Application Thread] DEBUG Input                - Registered new binding: Left - Left
21:29:42.190 [JavaFX Application Thread] DEBUG Input                - Registered new binding: Right - Right
21:29:42.190 [JavaFX Application Thread] DEBUG Input                - Registered new binding: Jump - Up
21:29:42.190 [JavaFX Application Thread] DEBUG FXGLAssetLoaderServi - Loading from file system: file:/F:/WorkSpace/Java/IdeaUltimate/SuperMaLi/target/classes/assets/music/bgmmusic.wav
21:29:42.209 [FXGL Background Thread 4 ] DEBUG FXGLAssetLoaderServi - Loading from file system: jar:file:///F:/Environment/Maven/apache-maven-3.6.1-bin/apache-maven-3.6.1/mvn-resp/com/github/almasb/fxgl/17.2/fxgl-17.2.jar!/fxglassets/ui/fonts/Abel-Regular.ttf
21:29:42.216 [FXGL Background Thread 4 ] DEBUG FXGLAssetLoaderServi - Loading from file system: jar:file:///F:/Environment/Maven/apache-maven-3.6.1-bin/apache-maven-3.6.1/mvn-resp/com/github/almasb/fxgl/17.2/fxgl-17.2.jar!/fxglassets/ui/fonts/TerminalLandMono-Regular.otf
21:29:42.223 [FXGL Background Thread 4 ] DEBUG FXGLAssetLoaderServi - Loading from file system: jar:file:///F:/Environment/Maven/apache-maven-3.6.1-bin/apache-maven-3.6.1/mvn-resp/com/github/almasb/fxgl/17.2/fxgl-17.2.jar!/fxglassets/ui/fonts/Courier-Prime.ttf
21:29:42.273 [JavaFX Application Thread] DEBUG AudioPlayer          - Playing music com.almasb.fxgl.audio.Music@7f4e6157
21:29:42.274 [JavaFX Application Thread] DEBUG FXGLAssetLoaderServi - Loading from file system: jar:file:///F:/Environment/Maven/apache-maven-3.6.1-bin/apache-maven-3.6.1/mvn-resp/com/github/almasb/fxgl/17.2/fxgl-17.2.jar!/fxglassets/textures/fxgl_icon.png
21:29:42.284 [JavaFX Application Thread] DEBUG FXGLAssetLoaderServi - Loading from file system: jar:file:///F:/Environment/Maven/apache-maven-3.6.1-bin/apache-maven-3.6.1/mvn-resp/com/github/almasb/fxgl/17.2/fxgl-17.2.jar!/fxglassets/textures/fxgl_default_cursor.png
21:29:42.285 [JavaFX Application Thread] DEBUG Input                - Registered new binding: Screenshot - CTRL+8
21:29:42.285 [JavaFX Application Thread] DEBUG Input                - Registered new binding: Dev Options - 1
21:29:42.286 [JavaFX Application Thread] DEBUG Input                - Registered new binding: Dev Console - 2
21:29:42.286 [JavaFX Application Thread] DEBUG Input                - Registered new binding: System info dump - CTRL+9
21:29:42.286 [JavaFX Application Thread] DEBUG Input                - Registered new binding: Restart - CTRL+R
21:29:42.286 [JavaFX Application Thread] DEBUG Input                - Registered new binding: Toggle Debug Camera - CTRL+7
21:29:42.287 [JavaFX Application Thread] DEBUG LoopRunner           - Starting loop
21:29:42.300 [JavaFX Application Thread] DEBUG LoopRunner           - Initializing JavaFX AnimationTimerLoop
21:29:42.300 [JavaFX Application Thread] DEBUG GameApplicationServi - Starting new game
21:29:42.301 [JavaFX Application Thread] DEBUG Input                - Clearing active input actions
21:29:42.306 [JavaFX Application Thread] DEBUG GameApplicationServi - Removing overlay from FXGLStartupScene and adding to FXGLLoadingScene
21:29:42.307 [JavaFX Application Thread] DEBUG PrimaryStageWindow   - FXGLStartupScene -> FXGLLoadingScene
21:29:42.307 [JavaFX Application Thread] DEBUG GameApplicationServi - Clearing previous game
21:29:42.307 [JavaFX Application Thread] DEBUG GameScene            - Clearing game scene
21:29:42.307 [JavaFX Application Thread] DEBUG GameWorld            - Clearing game world
21:29:42.308 [JavaFX Application Thread] DEBUG PhysicsWorld         - Clearing physics world
21:29:42.308 [FXGL Background Thread 4 ] DEBUG FXGLApplication      - Initializing game
21:29:42.309 [JavaFX Application Thread] DEBUG FXGLApplication      - Registering font factories with UI factory
21:29:42.325 [FXGL Background Thread 4 ] WARN  TMXLevelLoader       - TiledMap generated from 1.8.4. Supported version: 1.9.0. Some features may not be parsed fully.
21:29:42.337 [FXGL Background Thread 4 ] DEBUG TMXLevelLoader       - Parsed TiledMap: file:/F:/WorkSpace/Java/IdeaUltimate/SuperMaLi/target/classes/assets/levels/one.tmx
21:29:42.338 [FXGL Background Thread 4 ] DEBUG TMXLevelLoader       - Creating tile layer entities
21:29:42.338 [FXGL Background Thread 4 ] DEBUG TilesetLoader        - Loading view for layer 图块层 1
21:29:42.342 [FXGL Background Thread 4 ] DEBUG TilesetLoader        - Created buffer with size 3700.0x666.0
21:29:42.348 [FXGL Background Thread 4 ] DEBUG TMXLevelLoader       - Creating object layer entities
21:29:42.365 [FXGL Background Thread 4 ] DEBUG FXGLAssetLoaderServi - Loading from file system: file:/F:/WorkSpace/Java/IdeaUltimate/SuperMaLi/target/classes/assets/textures/role/npc/fungus1.png
21:29:42.366 [FXGL Background Thread 4 ] DEBUG FXGLAssetLoaderServi - Loading from file system: file:/F:/WorkSpace/Java/IdeaUltimate/SuperMaLi/target/classes/assets/textures/role/npc/fungus2.png
21:29:42.373 [FXGL Background Thread 4 ] DEBUG FXGLAssetLoaderServi - Loading from file system: file:/F:/WorkSpace/Java/IdeaUltimate/SuperMaLi/target/classes/assets/textures/map/sea_anim.png
21:29:42.385 [FXGL Background Thread 4 ] DEBUG FXGLAssetLoaderServi - Loading from file system: file:/F:/WorkSpace/Java/IdeaUltimate/SuperMaLi/target/classes/assets/textures/role/npc/flower1.png
21:29:42.386 [FXGL Background Thread 4 ] DEBUG FXGLAssetLoaderServi - Loading from file system: file:/F:/WorkSpace/Java/IdeaUltimate/SuperMaLi/target/classes/assets/textures/role/npc/flower2.png
21:29:42.389 [FXGL Background Thread 4 ] DEBUG GameWorld            - Clearing removable entities
21:29:42.389 [FXGL Background Thread 4 ] DEBUG GameWorld            - Setting level: com.almasb.fxgl.entity.level.Level@3c4dc90a
21:29:42.407 [FXGL Background Thread 4 ] DEBUG FXGLAssetLoaderServi - Loading from file system: file:/F:/WorkSpace/Java/IdeaUltimate/SuperMaLi/target/classes/assets/textures/role/stand_R.png
21:29:42.408 [FXGL Background Thread 4 ] DEBUG FXGLAssetLoaderServi - Loading from file system: file:/F:/WorkSpace/Java/IdeaUltimate/SuperMaLi/target/classes/assets/textures/role/run_R.png
21:29:42.408 [FXGL Background Thread 4 ] DEBUG FXGLAssetLoaderServi - Loading from file system: file:/F:/WorkSpace/Java/IdeaUltimate/SuperMaLi/target/classes/assets/textures/role/jump.png
21:29:42.410 [FXGL Background Thread 4 ] DEBUG FXGLAssetLoaderServi - Loading from file system: file:/F:/WorkSpace/Java/IdeaUltimate/SuperMaLi/target/classes/assets/textures/map/img.png
21:29:42.420 [FXGL Background Thread 4 ] INFO  FXGLApplication      - Game initialization took: 0.111 sec
21:29:42.431 [JavaFX Application Thread] DEBUG Input                - Clearing active input actions
21:29:42.436 [JavaFX Application Thread] DEBUG GameApplicationServi - Removing overlay from FXGLLoadingScene and adding to GameScene
21:29:42.438 [JavaFX Application Thread] DEBUG PrimaryStageWindow   - FXGLLoadingScene -> GameScene
21:29:45.168 [FXGL Background Thread 3 ] DEBUG Engine               - Logging environment variables
21:29:45.169 [FXGL Background Thread 3 ] DEBUG Engine               - achievements: []
21:29:45.169 [FXGL Background Thread 3 ] DEBUG Engine               - actualHeight: 666.0
21:29:45.169 [FXGL Background Thread 3 ] DEBUG Engine               - actualHeightProperty: ReadOnlyDoubleProperty [value: 666.0]
21:29:45.169 [FXGL Background Thread 3 ] DEBUG Engine               - actualWidth: 1295.0
21:29:45.170 [FXGL Background Thread 3 ] DEBUG Engine               - actualWidthProperty: ReadOnlyDoubleProperty [value: 1295.0]
21:29:45.170 [FXGL Background Thread 3 ] DEBUG Engine               - appIcon: fxgl_icon.png
21:29:45.170 [FXGL Background Thread 3 ] DEBUG Engine               - applicationMode: DEVELOPER
21:29:45.170 [FXGL Background Thread 3 ] DEBUG Engine               - cSSList: [fxgl_dark.css]
21:29:45.171 [FXGL Background Thread 3 ] DEBUG Engine               - collisionDetectionStrategy: BRUTE_FORCE
21:29:45.171 [FXGL Background Thread 3 ] DEBUG Engine               - configClass: Optional.empty
21:29:45.171 [FXGL Background Thread 3 ] DEBUG Engine               - credits: []
21:29:45.172 [FXGL Background Thread 3 ] DEBUG Engine               - defaultCursor: CursorInfo(imageName=fxgl_default_cursor.png, hotspotX=7.0, hotspotY=6.0)
21:29:45.173 [FXGL Background Thread 3 ] DEBUG Engine               - devBBoxColorProperty: ObjectProperty [value: 0xff0000ff]
21:29:45.173 [FXGL Background Thread 3 ] DEBUG Engine               - devEnableDebugCameraProperty: BooleanProperty [value: false]
21:29:45.174 [FXGL Background Thread 3 ] DEBUG Engine               - devSensorColorProperty: ObjectProperty [value: 0xffff00ff]
21:29:45.174 [FXGL Background Thread 3 ] DEBUG Engine               - devShowBBoxProperty: BooleanProperty [value: false]
21:29:45.174 [FXGL Background Thread 3 ] DEBUG Engine               - devShowPositionProperty: BooleanProperty [value: false]
21:29:45.175 [FXGL Background Thread 3 ] DEBUG Engine               - enabledMenuItems: []
21:29:45.175 [FXGL Background Thread 3 ] DEBUG Engine               - engineServices: [class com.almasb.fxgl.app.services.FXGLAssetLoaderService, class com.almasb.fxgl.app.FXGLApplication$GameApplicationService, class com.almasb.fxgl.app.services.FXGLDialogService, class com.almasb.fxgl.app.services.IOTaskExecutorService, class com.almasb.fxgl.io.FileSystemService, class com.almasb.fxgl.localization.LocalizationService, class com.almasb.fxgl.app.services.SystemBundleService, class com.almasb.fxgl.profile.SaveLoadService, class com.almasb.fxgl.ui.FXGLUIFactoryServiceProvider, class com.almasb.fxgl.ui.FXGLDialogFactoryServiceProvider, class com.almasb.fxgl.audio.AudioPlayer, class com.almasb.fxgl.notification.impl.NotificationServiceProvider, class com.almasb.fxgl.achievement.AchievementService, class com.almasb.fxgl.cutscene.CutsceneService, class com.almasb.fxgl.minigames.MiniGameService, class com.almasb.fxgl.net.NetService, class com.almasb.fxgl.app.services.UpdaterService, class com.almasb.fxgl.dev.DevService]
21:29:45.175 [FXGL Background Thread 3 ] DEBUG Engine               - fontGame: Abel-Regular.ttf
21:29:45.175 [FXGL Background Thread 3 ] DEBUG Engine               - fontMono: TerminalLandMono-Regular.otf
21:29:45.176 [FXGL Background Thread 3 ] DEBUG Engine               - fontText: Courier-Prime.ttf
21:29:45.176 [FXGL Background Thread 3 ] DEBUG Engine               - fontUI: VarelaRound-Regular.ttf
21:29:45.176 [FXGL Background Thread 3 ] DEBUG Engine               - fullScreen: BooleanProperty [value: false]
21:29:45.176 [FXGL Background Thread 3 ] DEBUG Engine               - gameDifficulty: MEDIUM
21:29:45.177 [FXGL Background Thread 3 ] DEBUG Engine               - gameDifficultyProperty: ObjectProperty [value: MEDIUM]
21:29:45.177 [FXGL Background Thread 3 ] DEBUG Engine               - globalMusicVolume: 0.5
21:29:45.177 [FXGL Background Thread 3 ] DEBUG Engine               - globalMusicVolumeProperty: DoubleProperty [value: 0.5]
21:29:45.178 [FXGL Background Thread 3 ] DEBUG Engine               - globalSoundVolume: 0.5
21:29:45.178 [FXGL Background Thread 3 ] DEBUG Engine               - globalSoundVolumeProperty: DoubleProperty [value: 0.5]
21:29:45.178 [FXGL Background Thread 3 ] DEBUG Engine               - height: 666
21:29:45.178 [FXGL Background Thread 3 ] DEBUG Engine               - is3D: false
21:29:45.178 [FXGL Background Thread 3 ] DEBUG Engine               - isAndroid: false
21:29:45.178 [FXGL Background Thread 3 ] DEBUG Engine               - isBrowser: false
21:29:45.178 [FXGL Background Thread 3 ] DEBUG Engine               - isClickFeedbackEnabled: false
21:29:45.178 [FXGL Background Thread 3 ] DEBUG Engine               - isCloseConfirmation: false
21:29:45.178 [FXGL Background Thread 3 ] DEBUG Engine               - isDesktop: true
21:29:45.178 [FXGL Background Thread 3 ] DEBUG Engine               - isDeveloperMenuEnabled: true
21:29:45.179 [FXGL Background Thread 3 ] DEBUG Engine               - isEmbedded: false
21:29:45.179 [FXGL Background Thread 3 ] DEBUG Engine               - isEntityPreloadEnabled: true
21:29:45.179 [FXGL Background Thread 3 ] DEBUG Engine               - isExperimentalTiledLargeMap: false
21:29:45.179 [FXGL Background Thread 3 ] DEBUG Engine               - isFileSystemWriteAllowed: true
21:29:45.179 [FXGL Background Thread 3 ] DEBUG Engine               - isFullScreenAllowed: false
21:29:45.179 [FXGL Background Thread 3 ] DEBUG Engine               - isFullScreenFromStart: false
21:29:45.179 [FXGL Background Thread 3 ] DEBUG Engine               - isGameMenuEnabled: true
21:29:45.179 [FXGL Background Thread 3 ] DEBUG Engine               - isIOS: false
21:29:45.179 [FXGL Background Thread 3 ] DEBUG Engine               - isIntroEnabled: false
21:29:45.179 [FXGL Background Thread 3 ] DEBUG Engine               - isLinux: false
21:29:45.179 [FXGL Background Thread 3 ] DEBUG Engine               - isMac: false
21:29:45.179 [FXGL Background Thread 3 ] DEBUG Engine               - isMainMenuEnabled: false
21:29:45.179 [FXGL Background Thread 3 ] DEBUG Engine               - isManualResizeEnabled: false
21:29:45.179 [FXGL Background Thread 3 ] DEBUG Engine               - isMobile: false
21:29:45.179 [FXGL Background Thread 3 ] DEBUG Engine               - isNative: false
21:29:45.179 [FXGL Background Thread 3 ] DEBUG Engine               - isPauseMusicWhenMinimized: true
21:29:45.180 [FXGL Background Thread 3 ] DEBUG Engine               - isPreserveResizeRatio: false
21:29:45.180 [FXGL Background Thread 3 ] DEBUG Engine               - isProfilingEnabled: false
21:29:45.181 [FXGL Background Thread 3 ] DEBUG Engine               - isScaleAffectedOnResize: true
21:29:45.181 [FXGL Background Thread 3 ] DEBUG Engine               - isSingleStep: false
21:29:45.181 [FXGL Background Thread 3 ] DEBUG Engine               - isUserProfileEnabled: false
21:29:45.181 [FXGL Background Thread 3 ] DEBUG Engine               - isWindows: true
21:29:45.182 [FXGL Background Thread 3 ] DEBUG Engine               - language: ObjectProperty [value: ENGLISH]
21:29:45.182 [FXGL Background Thread 3 ] DEBUG Engine               - menuKey: ESCAPE
21:29:45.182 [FXGL Background Thread 3 ] DEBUG Engine               - mouseSensitivity: 0.2
21:29:45.182 [FXGL Background Thread 3 ] DEBUG Engine               - notificationViewClass: class com.almasb.fxgl.notification.view.XboxNotificationView
21:29:45.183 [FXGL Background Thread 3 ] DEBUG Engine               - pixelsPerMeter: 50.0
21:29:45.183 [FXGL Background Thread 3 ] DEBUG Engine               - platform: WINDOWS
21:29:45.183 [FXGL Background Thread 3 ] DEBUG Engine               - prefHeightProperty: ReadOnlyDoubleProperty [value: 666.0]
21:29:45.184 [FXGL Background Thread 3 ] DEBUG Engine               - prefWidthProperty: ReadOnlyDoubleProperty [value: 1295.0]
21:29:45.184 [FXGL Background Thread 3 ] DEBUG Engine               - profileDir: profiles/
21:29:45.184 [FXGL Background Thread 3 ] DEBUG Engine               - profileName: StringProperty [value: DEFAULT]
21:29:45.185 [FXGL Background Thread 3 ] DEBUG Engine               - randomSeed: -1
21:29:45.185 [FXGL Background Thread 3 ] DEBUG Engine               - runtimeInfo: RuntimeInfo(platform=WINDOWS, version=17.2, build=20.08.2022 16.50)
21:29:45.186 [FXGL Background Thread 3 ] DEBUG Engine               - saveFileExt: sav
21:29:45.186 [FXGL Background Thread 3 ] DEBUG Engine               - scaledHeightProp$fxgl: DoubleProperty [bound, value: 666.0]
21:29:45.186 [FXGL Background Thread 3 ] DEBUG Engine               - scaledWidthProp$fxgl: DoubleProperty [bound, value: 1295.0]
21:29:45.187 [FXGL Background Thread 3 ] DEBUG Engine               - sceneFactory: com.almasb.fxgl.app.scene.SceneFactory@608a5839
21:29:45.187 [FXGL Background Thread 3 ] DEBUG Engine               - secondsIn24h: 60
21:29:45.187 [FXGL Background Thread 3 ] DEBUG Engine               - soundMenuBack: menu/back.wav
21:29:45.187 [FXGL Background Thread 3 ] DEBUG Engine               - soundMenuPress: menu/press.wav
21:29:45.187 [FXGL Background Thread 3 ] DEBUG Engine               - soundMenuSelect: menu/select.wav
21:29:45.187 [FXGL Background Thread 3 ] DEBUG Engine               - soundNotification: core/notification.wav
21:29:45.187 [FXGL Background Thread 3 ] DEBUG Engine               - stageStyle: DECORATED
21:29:45.187 [FXGL Background Thread 3 ] DEBUG Engine               - supportedLanguages: [ENGLISH, FRENCH, GERMAN, HUNGARIAN, RUSSIAN]
21:29:45.187 [FXGL Background Thread 3 ] DEBUG Engine               - ticksPerSecond: -1
21:29:45.187 [FXGL Background Thread 3 ] DEBUG Engine               - title: SuperMaLi
21:29:45.187 [FXGL Background Thread 3 ] DEBUG Engine               - urlGithub: https://github.com/AlmasB/FXGL
21:29:45.187 [FXGL Background Thread 3 ] DEBUG Engine               - urlLeaderboard: http://fxgl-top.herokuapp.com/
21:29:45.187 [FXGL Background Thread 3 ] DEBUG Engine               - urlPOM: https://raw.githubusercontent.com/AlmasB/FXGL/release/README.md
21:29:45.187 [FXGL Background Thread 3 ] DEBUG Engine               - userAppClass: class xbss.SuperMaLiApp
21:29:45.187 [FXGL Background Thread 3 ] DEBUG Engine               - version: 0.1
21:29:45.187 [FXGL Background Thread 3 ] DEBUG Engine               - versionCheckDays: 7
21:29:45.188 [FXGL Background Thread 3 ] DEBUG Engine               - width: 1295
21:29:45.188 [FXGL Background Thread 3 ] DEBUG Engine               - Logging services
21:29:45.188 [FXGL Background Thread 3 ] DEBUG Engine               - class com.almasb.fxgl.app.services.FXGLAssetLoaderService
21:29:45.188 [FXGL Background Thread 3 ] DEBUG Engine               - class com.almasb.fxgl.app.FXGLApplication$GameApplicationService
21:29:45.188 [FXGL Background Thread 3 ] DEBUG Engine               - class com.almasb.fxgl.app.services.FXGLDialogService
21:29:45.188 [FXGL Background Thread 3 ] DEBUG Engine               - class com.almasb.fxgl.app.services.IOTaskExecutorService
21:29:45.188 [FXGL Background Thread 3 ] DEBUG Engine               - class com.almasb.fxgl.io.FileSystemService
21:29:45.188 [FXGL Background Thread 3 ] DEBUG Engine               - class com.almasb.fxgl.localization.LocalizationService
21:29:45.188 [FXGL Background Thread 3 ] DEBUG Engine               - class com.almasb.fxgl.app.services.SystemBundleService
21:29:45.188 [FXGL Background Thread 3 ] DEBUG Engine               - class com.almasb.fxgl.profile.SaveLoadService
21:29:45.188 [FXGL Background Thread 3 ] DEBUG Engine               - class com.almasb.fxgl.ui.FXGLUIFactoryServiceProvider
21:29:45.188 [FXGL Background Thread 3 ] DEBUG Engine               - class com.almasb.fxgl.ui.FXGLDialogFactoryServiceProvider
21:29:45.188 [FXGL Background Thread 3 ] DEBUG Engine               - class com.almasb.fxgl.audio.AudioPlayer
21:29:45.188 [FXGL Background Thread 3 ] DEBUG Engine               - class com.almasb.fxgl.notification.impl.NotificationServiceProvider
21:29:45.188 [FXGL Background Thread 3 ] DEBUG Engine               - class com.almasb.fxgl.achievement.AchievementService
21:29:45.188 [FXGL Background Thread 3 ] DEBUG Engine               - class com.almasb.fxgl.cutscene.CutsceneService
21:29:45.188 [FXGL Background Thread 3 ] DEBUG Engine               - class com.almasb.fxgl.minigames.MiniGameService
21:29:45.189 [FXGL Background Thread 3 ] DEBUG Engine               - class com.almasb.fxgl.net.NetService
21:29:45.189 [FXGL Background Thread 3 ] DEBUG Engine               - class com.almasb.fxgl.app.services.UpdaterService
21:29:45.189 [FXGL Background Thread 3 ] DEBUG Engine               - class com.almasb.fxgl.dev.DevService
21:29:47.209 [JavaFX Application Thread] DEBUG FXGLAssetLoaderServi - Loading from file system: file:/F:/WorkSpace/Java/IdeaUltimate/SuperMaLi/target/classes/assets/sounds/normalFire.wav
21:29:47.241 [JavaFX Application Thread] DEBUG FXGLAssetLoaderServi - Loading from file system: file:/F:/WorkSpace/Java/IdeaUltimate/SuperMaLi/target/classes/assets/textures/bullet.png
21:29:47.385 [JavaFX Application Thread] DEBUG FXGLAssetLoaderServi - Loading from file system: file:/F:/WorkSpace/Java/IdeaUltimate/SuperMaLi/target/classes/assets/textures/role/npc/fungus3.png
21:29:51.514 [JavaFX Application Thread] DEBUG FXGLAssetLoaderServi - Loading from file system: file:/F:/WorkSpace/Java/IdeaUltimate/SuperMaLi/target/classes/assets/sounds/newjump.wav
21:29:58.376 [JavaFX Application Thread] DEBUG FXGLAssetLoaderServi - Loading from file system: file:/F:/WorkSpace/Java/IdeaUltimate/SuperMaLi/target/classes/assets/sounds/normalBomb.wav
21:29:58.384 [JavaFX Application Thread] DEBUG FXGLAssetLoaderServi - Loading from file system: file:/F:/WorkSpace/Java/IdeaUltimate/SuperMaLi/target/classes/assets/textures/explode.png
21:30:11.880 [JavaFX Application Thread] DEBUG FXGLAssetLoaderServi - Loading from file system: file:/F:/WorkSpace/Java/IdeaUltimate/SuperMaLi/target/classes/assets/sounds/hit.wav
21:30:16.083 [JavaFX Application Thread] DEBUG FXGLApplication      - Exiting FXGL
21:30:16.083 [JavaFX Application Thread] DEBUG LoopRunner           - Stopping loop
21:30:16.083 [JavaFX Application Thread] DEBUG SystemBundleService  - Saving FXGL system data
21:30:16.085 [JavaFX Application Thread] DEBUG FileSystemAccess     - Writing to: F:\WorkSpace\Java\IdeaUltimate\SuperMaLi\system\fxgl.bundle
21:30:16.086 [JavaFX Application Thread] DEBUG Async                - Shutting down background threads
21:30:16.086 [JavaFX Application Thread] DEBUG PrimaryStageWindow   - Closing main window
21:30:16.095 [JavaFX Application Thread] DEBUG Logger               - Closing Logger
